1188353
0 3.777771478999057 0.14282900261878967 0.31187297344207765
1 3.7879736440081615 0.09637814033031464 0.31867457389831544
2 3.7438451170019107 0.07329062569141388 0.23394331455230713
3 3.702724417002173 0.054611567854881284 0.18305601119995119
4 3.8331201920082094 0.04187262922525406 0.07692829728126525
5 3.989512776999618 0.03365115457773209 0.05203016936779022
6 3.9020106210082304 0.029641417235136032 0.06568108439445496
7 3.709647194002173 0.02574065616726875 0.04037631869316101
8 3.7490531920047943 0.022322012990713118 0.050298898220062255
9 3.810904665995622 0.021219631105661392 0.036635262966156004
10 3.8038966530002654 0.022039108783006668 0.058037374019622806
11 3.733591381998849 0.01981265279650688 0.032761265635490415
12 3.969024588004686 0.017349441558122635 0.033683865666389465
13 3.6733437810034957 0.016449742645025252 0.057156169414520265
14 3.7140958980016876 0.018372089385986327 0.04249109148979187
15 4.137193528003991 0.01574569573998451 0.037898662686347964
16 3.908867085003294 0.015526718527078629 0.053603018522262576
17 3.726517174000037 0.016264628857374192 0.05908764362335205
18 3.7139448530069785 0.014753495052456855 0.04371302247047424
19 3.76749136899889 0.013545176401734351 0.039377673268318175
20 3.750814421000541 0.014972658812999725 0.03660885691642761
21 3.754046364003443 0.016415166348218917 0.04463408350944519
22 3.8729706939921016 0.01490089674293995 0.041816720962524416
23 3.744439471003716 0.013046315118670463 0.03992828071117401
24 3.789744043999235 0.012424208149313927 0.04612725019454956
25 3.7912676749983802 0.011907051518559456 0.04978027045726776
26 3.724721350998152 0.012521493315696717 0.04546453595161438
27 3.856006891001016 0.013015825942158698 0.061711812019348146
28 3.711681534012314 0.013256567642092704 0.044483193159103394
29 3.7442375920072664 0.011934186041355132 0.0401155835390091
30 3.714138796000043 0.011372041761875153 0.0381659334897995
31 3.685525487002451 0.011964769408106804 0.04412745833396912
32 3.6742900800018106 0.011296052604913712 0.05298825979232788
33 3.733822443988174 0.010554331436753273 0.03961045682430267
34 3.767573008997715 0.010633648186922074 0.035418277382850645
35 3.68875486899924 0.010706832334399223 0.04263449132442474
36 3.693279483006336 0.010491081684827805 0.040998806953430174
37 3.7386615819996223 0.00977271829545498 0.04019561588764191
38 3.715202783001587 0.011857032239437104 0.03635962247848511
39 3.7253053710010136 0.010748081758618355 0.04286391675472259
40 3.75199386200984 0.010300752982497215 0.04261696577072144
41 3.722538200003328 0.011597096383571625 0.044511183500289916
42 3.783433110002079 0.011547456964850426 0.04049049854278564
43 3.8943503230111673 0.010874550223350526 0.04455185890197754
44 3.714491167993401 0.010190101370215416 0.03346669495105743
45 3.7142890139948577 0.010477459296584129 0.04431129336357117
46 3.789991874000407 0.012266232952475548 0.04494578123092651
47 3.7141693239973392 0.010277454882860184 0.043510574102401736
48 3.737310286000138 0.010325386226177215 0.052572033405303954
49 3.676933042006567 0.012019250065088272 0.05279696226119995
50 3.729655967996223 0.009483429133892059 0.03969237983226776
51 3.6915711510082474 0.009018022537231446 0.041424139738082885
52 3.717064847005531 0.010057867825031281 0.041740971803665164
53 3.6744379040028434 0.009679126381874084 0.04353448867797852
54 3.8287058229907416 0.008772301703691483 0.04517598628997803
55 3.711588125996059 0.009990015730261802 0.042491912841796875
56 3.7504308219940867 0.010235030427575112 0.05071812093257904
57 3.7143933449988253 0.010361511290073394 0.04064744293689728
58 3.686137045995565 0.010440720394253731 0.04643198490142822
59 3.7761355199909303 0.01039617495238781 0.04839536368846893
60 3.7160116379964165 0.011018317192792892 0.04225247800350189
61 3.841324695997173 0.009344483897089959 0.04119041562080383
62 3.6740341570111923 0.008534799084067344 0.04043631970882416
63 3.790713518988923 0.00862830339372158 0.03596278488636017
64 3.7128688170050737 0.008906589925289154 0.04489569365978241
65 3.8232769220048795 0.008368542641401291 0.03153364777565002
66 3.738652109997929 0.008678412452340125 0.04050735235214233
67 3.6751492460025474 0.011043694660067558 0.03254043579101563
68 3.7141896300017834 0.008970407754182815 0.04105016171932221
69 3.714326532004634 0.009453515768051148 0.04305337488651276
70 3.8018987760005984 0.009333635643124581 0.0448043304681778
71 3.7628326910053147 0.010244538322091103 0.036329485177993774
72 3.7149889129941585 0.00876744619011879 0.03449348568916321
73 3.7068472870014375 0.00926251831650734 0.03161095380783081
74 3.673612771992339 0.010252607092261314 0.03572573781013489
75 3.7132045309990644 0.009190687999129296 0.03989210784435272
76 3.7127818779990776 0.008524319425225258 0.04654995083808899
77 3.6753077689936617 0.010604405984282493 0.04052924394607544
78 3.67908500599151 0.00892754253745079 0.036430414319038394
79 3.7894475089997286 0.009351913258433342 0.035887082815170286
80 3.6743812130007427 0.008870489910244942 0.03820664703845978
81 3.7368583509960445 0.008222880378365516 0.04671105742454529
82 3.7892629060079344 0.008597214877605439 0.037599245309829714
83 3.7383863410068443 0.008246860593557358 0.043007508516311646
84 3.7752641350089107 0.007818370640277862 0.03934794127941132
85 3.7876815649942728 0.0077706314474344255 0.046943026781082156
86 3.724595620005857 0.009221093833446502 0.03164550542831421
87 3.674839619998238 0.011424658671021461 0.04118347883224487
88 3.7140080929966643 0.00980572997033596 0.03826288938522339
89 3.696058980000089 0.007999113321304322 0.035239455103874204
90 3.699233939012629 0.007540948033332825 0.03222984731197357
91 3.7138225590024376 0.007807507082819938 0.03354437112808228
92 3.6867169870092766 0.007574989825487137 0.042626596093177795
93 3.79301789800229 0.00839504511654377 0.03844791889190674
94 3.7070845020061824 0.007654282122850418 0.046750680804252626
95 3.717909700004384 0.007832667395472526 0.036565678715705874
96 3.698500653001247 0.008921961158514022 0.039825338125228885
97 3.8178127790015424 0.009206954777240752 0.027870410680770875
98 3.7110770549916197 0.008686306729912758 0.033623411059379577
99 3.7623999630013714 0.00876227629184723 0.045271373987197876
100 3.71640000899788 0.007264525696635246 0.037815123200416564
101 3.774834807001753 0.005919278360903263 0.036056570410728454
102 3.7098384229902877 0.005561008676886558 0.03526751637458801
103 3.724744452003506 0.005481820240616798 0.0352118980884552
104 3.7118216509988997 0.0054717352762818335 0.033970707654953004
105 3.676851206997526 0.005323633000254631 0.03431254088878632
106 3.6747904079966247 0.005362072490155697 0.032491684556007386
107 3.6867380540061276 0.005446746304631233 0.03332534015178681
108 3.7959738339995965 0.005312776580452919 0.03104632556438446
109 3.7133491190033965 0.0056956631094217305 0.033378780484199524
110 3.7857318919996032 0.005579718314111233 0.03018693745136261
111 3.675089565003873 0.005471185825765133 0.03614655017852783
112 3.713097085012123 0.005508759863674641 0.029852525591850282
113 3.6776041070115753 0.005482756197452545 0.031643128395080565
114 3.696013717999449 0.005391063168644905 0.03234832346439362
115 3.7172546640067594 0.005382579855620861 0.03363353908061981
116 3.7131394449970685 0.0054094214513897895 0.03726880669593811
117 3.758198251001886 0.006003784738481044 0.03672591745853424
118 3.7639420079940464 0.0059622425809502605 0.03016401529312134
119 3.6756265709991567 0.006020172916352749 0.032335007786750795
120 3.867361982993316 0.005464788526296616 0.033307069540023805
121 3.763015946999076 0.005639753833413124 0.03459670603275299
122 3.716150327993091 0.005572455279529095 0.0331130439043045
123 3.693855571997119 0.005548801675438881 0.036640826463699344
124 3.775145424006041 0.006009523905813694 0.03235750257968903
125 3.714778520996333 0.005506188988685608 0.03366321444511414
126 3.7578766219958197 0.0056320403888821605 0.03003972828388214
127 3.712493243001518 0.0056375605016946795 0.031724260449409486
128 3.7134207409981173 0.0054432817921042445 0.029931824207305908
129 3.6873463509982685 0.005551813222467899 0.028629139065742493
130 3.760289516998455 0.005958029165863991 0.03390123248100281
131 3.679154273995664 0.005628302618861198 0.03521003782749176
132 3.67567857899121 0.0058039000406861305 0.030387634634971617
133 3.7302622980059823 0.006385343469679355 0.032150600552558896
134 3.856223606999265 0.005797911770641804 0.03200411558151245
135 3.7507425579970004 0.005426664642989636 0.031178158521652222
136 3.7732082399888895 0.005742030009627342 0.029979814291000367
137 3.773493970002164 0.005928254999220371 0.027317150831222534
138 3.777649338997435 0.0068744120970368385 0.030816680192947386
139 3.805689364002319 0.006041009791195393 0.033262906074523924
140 3.674097408002126 0.005769663780927658 0.03191680788993836
141 3.77516126500268 0.005780367150902748 0.03048244655132294
142 3.746452291001333 0.006037803202867508 0.030368873476982118
143 3.71080754599825 0.005334686756134033 0.033225162625312804
144 3.715619794995291 0.005486891560256481 0.029938122034072878
145 3.7130309180065524 0.0052698243334889415 0.030988814830780028
146 3.7818098199932138 0.005254563845694065 0.035475005507469175
147 3.705436848991667 0.005989683635532856 0.029576351046562196
148 3.7878548029984813 0.005727693572640419 0.032669674158096317
149 3.678392294998048 0.005385181352496147 0.03210516095161438
150 3.755486245994689 0.005354167170822621 0.027228527069091797
151 3.675262863995158 0.005260572433471679 0.03158229291439056
152 3.6871150600054534 0.005192032977938652 0.03399836242198944
153 3.827039012001478 0.005370987340807915 0.03033215582370758
154 3.7171384160028538 0.00520969220995903 0.031297769546508786
155 3.7941854939999757 0.0051289635300636295 0.02603777825832367
156 3.6743290579906898 0.005160536713898182 0.02833049476146698
157 3.674233963000006 0.005176358245313167 0.030318470597267153
158 3.7123126889928244 0.005072301745414734 0.03381822407245636
159 3.713632701008464 0.005671483688056469 0.02873701810836792
160 3.8540075450000586 0.005827426798641682 0.029262614846229554
161 3.7049984250043053 0.006127620294690132 0.029243931770324708
162 3.67961615700915 0.005640936926007271 0.035774213075637815
163 3.7790395240008365 0.005526863761246204 0.035304042100906374
164 3.748496312997304 0.005297325231134892 0.0290903103351593
165 3.749128109004232 0.00550199706107378 0.03130512416362762
166 3.805191179999383 0.005240644663572312 0.03004423379898071
167 3.676673555004527 0.005935756333172322 0.026564594209194183
168 3.7313364739966346 0.005757464326918125 0.02903017818927765
169 3.792784897988895 0.005638965450227261 0.03018786311149597
170 3.703338684994378 0.0060436055660247805 0.031655896306037906
171 3.7121209889883175 0.0058797188177704815 0.02770490348339081
172 3.6750307400070596 0.005914752781391144 0.03377175629138947
173 3.825316237998777 0.006027720041573047 0.030312371253967286
174 3.7387416970013874 0.006035079590976238 0.03285168766975403
175 3.7132519070000853 0.005724697440862655 0.027864293158054353
176 3.7163819520064862 0.005373926185071468 0.03399923264980316
177 3.6763782229973003 0.005485667206346989 0.029482429623603822
178 3.6901813839940587 0.005388763561844825 0.024478844702243804
179 3.829836492994218 0.005387804888188839 0.029990413784980775
180 3.714262763998704 0.005417702846229076 0.028693001866340637
181 3.759100082999794 0.005332523062825203 0.027024386823177336
182 3.804779743994004 0.006670429117977619 0.032595895528793335
183 3.73999312100932 0.005668799206614494 0.031915318369865414
184 3.6762602329981746 0.005450833059847355 0.028562144041061402
185 3.7306072899955325 0.005649836249649525 0.030009936094284057
186 3.7303788300050655 0.005536022648215294 0.03005653977394104
187 3.7520237009885022 0.00564287394285202 0.03062072515487671
188 3.6885077500046464 0.006222427032887935 0.028869957327842713
189 3.6765445549972355 0.006264256864786148 0.028974298238754272
190 3.74122940300731 0.005842318058013916 0.033846551775932314
191 3.7518336120119784 0.005170071713626385 0.029698550701141357
192 3.763124560995493 0.004918033294379711 0.028679593205451964
193 3.7365323690028163 0.005464808262884617 0.031180233955383302
194 3.7513593589974334 0.005411561742424965 0.02730680465698242
195 3.714358416997129 0.00553209388256073 0.02924393892288208
196 3.7810149189899676 0.005370653972029686 0.03251942694187164
197 3.757749119991786 0.005102511823177338 0.02932395339012146
198 3.67702914000256 0.0048851146697998045 0.026011756658554076
199 3.7404581409937236 0.005026873454451561 0.030111261010169983
200 3.7422416220069863 0.004475109130144119 0.029284765124320985
201 3.726420496008359 0.004159013077616691 0.028506332635879518
202 3.7183293440029956 0.004107319854199886 0.028530340194702148
203 3.676881109000533 0.004057803243398666 0.02905089259147644
204 3.7576596940052696 0.0040243127122521405 0.029614890217781065
205 3.727327525994042 0.004035946577787399 0.027864407300949096
206 3.7743312870006775 0.004063367836177349 0.028987606763839723
207 3.7568955220049247 0.0040430031716823574 0.029297396540641785
208 3.6979442540032323 0.0040647369548678395 0.027992557883262634
209 3.7332479049946414 0.00399971329420805 0.028767866492271425
210 3.718621470994549 0.0040551299154758455 0.029846705794334412
211 3.7156389739975566 0.004077646113932133 0.02766348958015442
212 3.7787399209919386 0.0040913627073168755 0.028036240339279175
213 3.8271039459941676 0.004075762748718262 0.02811905086040497
214 3.700945882999804 0.004053870372474193 0.028034756779670714
215 3.75387682300061 0.004068458773195743 0.028371825218200683
216 3.751816466989112 0.00412166752666235 0.027944350242614747
217 3.7669573220046004 0.004022695876657963 0.028406918048858643
218 3.7920787220064085 0.0040421030223369596 0.027956392168998718
219 3.7544011659920216 0.00404444370418787 0.026871386766433716
220 3.7149739650049014 0.004082665726542473 0.028152067065238952
221 3.7150137159915175 0.004114254266023636 0.02819299042224884
222 3.78288889999385 0.0041690230742096905 0.02897943079471588
223 3.742485067996313 0.004086969159543514 0.027522578239440917
224 3.731480782997096 0.004029007688164711 0.02879932940006256
225 3.732512088987278 0.004140457063913345 0.028076897859573364
226 3.7705615160084562 0.004191767297685146 0.028013808727264403
227 3.750795345986262 0.004144873082637787 0.02805379927158356
228 3.7285561579919886 0.004227755777537823 0.02994578242301941
229 3.692422653999529 0.004274033822119236 0.028773261308670042
230 3.790347421003389 0.004061654463410377 0.027605382204055787
231 3.799550597992493 0.0041258449330925945 0.02600677192211151
232 3.7803402440040372 0.004199481867253781 0.029253354072570802
233 3.7388266760099214 0.004292700015008449 0.02790371298789978
234 3.697184101009043 0.004246761009097099 0.02599722445011139
235 3.7395613420085283 0.00423929738253355 0.027755670547485352
236 3.7275798930058954 0.004220792226493359 0.031131712794303892
237 3.6982305870042183 0.004325953371822834 0.027335593700408934
238 3.8428131399996346 0.0043919021189212796 0.027332374453544618
239 3.6984082279959694 0.004228806167840958 0.027760360836982727
240 3.674742363000405 0.004116969369351864 0.026747672855854034
241 3.7921061149972957 0.004199589751660824 0.028098941445350648
242 3.7109612100030063 0.0040968207567930225 0.0254543137550354
243 3.8917983720020857 0.004203301519155502 0.02716899275779724
244 3.674905135005247 0.004507679417729378 0.03232431948184967
245 3.788469459002954 0.004524037547409534 0.028500578999519348
246 3.6757402479997836 0.00424563367664814 0.026310921609401704
247 3.7816900689940667 0.004101627215743065 0.026510162651538847
248 3.8080394989956403 0.004004321910440921 0.027466185092926025
249 3.745682498003589 0.003962211064994335 0.028570261001586914
250 3.737705338993692 0.004104688934981823 0.027292502522468568
251 3.713203106992296 0.003914690636098385 0.02726720869541168
252 3.7739716969954316 0.003929508976638317 0.027078270316123962
253 3.7104105439939303 0.004048880398273468 0.02790957748889923
254 3.8248109300038777 0.004045923337340355 0.02682506799697876
255 3.7123347260057926 0.004212524496018886 0.02823822498321533
256 3.6740109759994084 0.004178811654448509 0.025715235769748688
257 3.740567421002197 0.003996705561876297 0.028321807384490968
258 3.750192514999071 0.004057569548487663 0.027650194764137267
259 3.6745207820058567 0.004012504264712334 0.027785503268241883
260 3.7295668840088183 0.0040358415544033055 0.0265404537320137
261 3.7540626150002936 0.003964961953461171 0.026721743047237397
262 3.750689529988449 0.003992685452103615 0.027050352096557616
263 3.754443388999789 0.003955392546951771 0.026871036887168884
264 3.674432286003139 0.004029014848172665 0.02703656017780304
265 3.733168081002077 0.004048184864223004 0.027084590494632722
266 3.811955017008586 0.004275554791092873 0.026022271513938905
267 3.680144896992715 0.004372477315366268 0.026109282970428468
268 3.674630152003374 0.004161336719989777 0.0273209547996521
269 3.7151134589948924 0.004064900822937489 0.02697104811668396
270 3.7146501160023035 0.0038966649547219276 0.026832906901836394
271 3.774252068993519 0.004087200231850148 0.026542474925518037
272 3.674515662001795 0.004133922494947911 0.027988972663879393
273 3.6744554689939832 0.004275725051760673 0.026573829054832458
274 3.715127314993879 0.004113908492028713 0.025114886164665222
275 3.7221980780013837 0.004101866140961647 0.02663602352142334
276 3.7267885790060973 0.004374814324080944 0.02830190658569336
277 3.7766745109984186 0.0041303555369377135 0.02463098168373108
278 3.678771525999764 0.004122008413076401 0.026043908298015596
279 3.6776696000015363 0.003938886240124702 0.0262541338801384
280 3.712584719003644 0.00393637827038765 0.02697756975889206
281 3.6973946479993174 0.003945148907601833 0.025432455837726593
282 3.7933153769990895 0.0038569390326738356 0.025549716651439666
283 3.7392861300031655 0.003977117970585823 0.026451365649700166
284 3.6759736990061356 0.004053285926580429 0.027430424094200136
285 3.6882898040057626 0.00412795528024435 0.02576142579317093
286 3.793561104001128 0.004215848430991173 0.024468228816986085
287 3.707853162995889 0.004834955297410488 0.027992952466011047
288 3.8047728310048115 0.004610351353883743 0.02721491128206253
289 3.8164511129871244 0.004240529596805573 0.02703265964984894
290 3.70294970201212 0.004004280634224415 0.026867335438728334
291 3.733506276999833 0.004448520116508007 0.027121773660182952
292 3.6760686339985114 0.003965505585074425 0.026429408490657808
293 3.720353006996447 0.0038781111240386965 0.02617345243692398
294 3.688448746994254 0.003902404084801674 0.026516666412353517
295 3.8115995670086704 0.003922922492027282 0.026108242273330688
296 3.678026661989861 0.0038578539714217187 0.02631118893623352
297 3.6769033720047446 0.003940344236791134 0.02708566129207611
298 3.718309906005743 0.0038707913905382156 0.026489712297916412
299 3.760020435991464 0.003927861131727695 0.024200326204299925
300 3.7159232289996 0.003732134036719799 0.02534052312374115
301 3.71576066299167 0.003559689037501812 0.02662447899580002
302 3.675702638007351 0.0035264473930001258 0.025143496096134185
303 3.714442071010126 0.003499301716685295 0.0260475417971611
304 3.7382475129998056 0.003477815143764019 0.02536283612251282
305 3.7272767170070438 0.003480941940099001 0.026229232251644134
306 3.7174074270005804 0.003470213934779167 0.025521378219127654
307 3.7334767569991527 0.0034655147306621075 0.02603505492210388
308 3.677434383003856 0.0034773464947938917 0.025687238872051238
309 3.79549820900138 0.003464651979506016 0.025732801258563996
310 3.723055624999688 0.003453601524233818 0.025569943487644197
311 3.723048153988202 0.0034646096751093864 0.026406987011432646
312 3.6983111839945195 0.0034584963992238043 0.025733503103256224
313 3.7536030170012964 0.003449559222906828 0.0255533367395401
314 3.7175698970095254 0.0034449039697647095 0.02583531051874161
315 3.7793504760047654 0.0034474704191088676 0.0257916459441185
316 3.7298227210121695 0.0034901102259755133 0.02633372277021408
317 3.720305326001835 0.003476827275007963 0.025294618010520936
318 3.7001404089969583 0.003485582321882248 0.026141897439956666
319 3.8283765939995646 0.003475686151534319 0.025568434596061708
320 3.8095284220034955 0.0034498764872550962 0.025349212884902952
321 3.698326024998096 0.0034479805529117583 0.025796258449554445
322 3.717624873999739 0.0034583631791174413 0.025632926225662232
323 3.6759649540035753 0.00345957712829113 0.024992732405662535
324 3.6901857310003834 0.0034850877970457076 0.025122740864753725
325 3.759248062997358 0.003485783703625202 0.025459224283695223
326 3.7649462660046993 0.0034801646918058396 0.025247867703437805
327 3.753400670000701 0.0035120036825537684 0.025596196949481963
328 3.7287666509946575 0.0034697461612522604 0.025682510733604433
329 3.788740511998185 0.0035377346128225326 0.02610564440488815
330 3.82348160300171 0.003660863198339939 0.025967739820480347
331 3.728471823007567 0.0036443330198526382 0.025886953175067902
332 3.7814427179982886 0.0035694369971752166 0.02632102996110916
333 3.834862117000739 0.0035548949390649797 0.026214947402477266
334 3.7508385090040974 0.003506363037973642 0.024246708154678345
335 3.7116364750108914 0.0035442483797669413 0.025895998179912567
336 3.6760109110036865 0.003519512765109539 0.025560048520565034
337 3.6754503369884333 0.003469132289290428 0.024618941843509674
338 3.769983214995591 0.0034589961022138595 0.02539599806070328
339 3.7116254699940328 0.0034398802295327185 0.025239592790603636
340 3.8103177800076082 0.003441501658409834 0.02529748111963272
341 3.7397457379993284 0.0034367492124438284 0.025485371351242066
342 3.676941176003311 0.00346834796667099 0.02522228866815567
343 3.713913749990752 0.003469267498701811 0.025237111449241637
344 3.7538070769951446 0.0034970838725566864 0.02672383427619934
345 3.7774395309970714 0.003704647123813629 0.024901400804519653
346 3.6764221510093194 0.0035055198073387145 0.024866046905517577
347 3.6741336900013266 0.0034686051532626153 0.025013883113861084
348 3.7139835050038528 0.003446661591529846 0.025040170848369597
349 3.714693943009479 0.003436491444706917 0.024188026189804077
350 3.6876727860071696 0.0035247050635516643 0.023987221717834472
351 3.7482363660092233 0.0036676377281546595 0.024498535096645357
352 3.8161860430118395 0.003548540212213993 0.024881797432899474
353 3.692679011990549 0.0034659141153097154 0.024349138736724854
354 3.718405506995623 0.0034531235955655576 0.02472134679555893
355 3.6754222890012898 0.0034468083158135415 0.025548835992813112
356 3.7895741690008435 0.003419079352170229 0.02414789527654648
357 3.738553001996479 0.0034296871796250343 0.025271742045879363
358 4.495361952998792 0.003566067710518837 0.02466594010591507
359 4.347040679000202 0.003610322564840317 0.02457386761903763
360 4.200459536004928 0.003528584275394678 0.024780727326869964
361 4.03327368600003 0.00346371391415596 0.02518206924200058
362 3.7850888880057028 0.0035349627211689947 0.02529574066400528
363 3.8601558930095052 0.0036494800224900247 0.024062279760837555
364 3.7345554899948183 0.00353801779076457 0.024024150669574737
365 3.79797594199772 0.0036377277821302415 0.024494450092315673
366 3.7244044020044385 0.0035277901515364646 0.023893572092056274
367 3.8042991800029995 0.003496223419904709 0.023909932672977446
368 3.7242423849966144 0.0034835634231567382 0.02437768578529358
369 3.773997957992833 0.003462780699133873 0.02553789973258972
370 3.7831240899977274 0.0034646563455462457 0.025396460294723512
371 3.7205635129939765 0.00339562776312232 0.0240532386302948
372 3.712093198002549 0.003442269444465637 0.02492614299058914
373 3.8076239799993346 0.003418347593396902 0.024911316633224486
374 3.6960539070132654 0.003426415804773569 0.024831383526325225
375 3.8290071859955788 0.0033959448635578157 0.024375019967556
376 3.8395652070030337 0.003402416706085205 0.02492136836051941
377 3.762969346003956 0.00337640143930912 0.02433757096529007
378 4.06852087599691 0.00339692210778594 0.024694514572620393
379 3.8340470629918855 0.0034094522297382353 0.024478513300418853
380 3.8820961009914754 0.003449538055807352 0.02414330929517746
381 3.8673634699953254 0.0033931259512901307 0.024508859813213348
382 3.8835519120038953 0.0033809023573994636 0.02463713824748993
383 3.6817088950047037 0.003438670739531517 0.02504790961742401
384 3.815970973999356 0.003492597687989473 0.024165113270282746
385 3.8201170200045453 0.003407380819320679 0.024487904608249664
386 3.8187942699878477 0.003440514378249645 0.023745229840278624
387 3.7036876589991152 0.003451356675475836 0.026196188032627105
388 3.839259607993881 0.003479251205921173 0.02421470105648041
389 3.785589232997154 0.0033929922431707384 0.024536810219287872
390 3.801787600008538 0.003427287086844444 0.02450642853975296
391 3.8015491909900447 0.0033622141592204572 0.024639456570148467
392 3.748437639005715 0.0033775657191872596 0.024470057785511017
393 3.7643824920087354 0.0034063859768211843 0.024507414400577545
394 3.892383245009114 0.0033984019942581655 0.023970685601234436
395 3.7330961970001226 0.0035462048947811128 0.023395364284515382
396 3.7255284109996865 0.0034882711097598074 0.024057104289531707
397 3.790506044009817 0.0035371743440628053 0.02521205335855484
398 3.8185455100028776 0.0035123159475624562 0.024295502901077272
399 3.839943063998362 0.003442644625902176 0.02324624389410019
400 3.8050422560045263 0.0033417103067040444 0.023962248265743256
401 3.7619498729909537 0.003255121223628521 0.024503961205482483
402 3.763661471006344 0.0032383217699825766 0.024042532444000245
403 3.9592957319982816 0.003226959452033043 0.024249191284179687
404 3.8309950590046356 0.003225927460938692 0.024239508509635924
405 3.857085725001525 0.00321979596093297 0.02426891028881073
406 3.73642669399851 0.0032132408432662485 0.023926046788692475
407 3.761674135996145 0.003213211212307215 0.02395149111747742
408 3.7643244649952976 0.0032104107066988946 0.02395608365535736
409 3.8169412529969122 0.003211624849587679 0.024386375844478607
410 3.82635802400182 0.0032071293629705906 0.024072385132312774
411 3.7562489219999406 0.003206291750073433 0.024243012070655823
412 3.6950208820053376 0.0032106242626905443 0.023972005546092988
413 3.80536013499659 0.0032074319049715996 0.024030875861644745
414 3.775490223997622 0.0032065121755003928 0.02398138791322708
415 3.7305235850071767 0.0032095722407102585 0.024185725748538972
416 3.786290285002906 0.003210283160209656 0.023741363286972045
417 3.7737058560014702 0.003207896389067173 0.024018478393554688
418 3.8240715930005535 0.0032073483504354953 0.023775519132614137
419 3.8177905079937773 0.0032085503563284872 0.024379263818264007
420 3.8476132479991065 0.0032107475325465202 0.024364305734634398
421 3.877402507001534 0.0032042743638157844 0.023419540226459503
422 3.7078152720059734 0.003208898067474365 0.023617522418498994
423 3.850598743010778 0.0032052164115011694 0.023757828772068022
424 3.8228921459958656 0.003205062963068485 0.023998728096485136
425 3.765902113998891 0.0032183079458773137 0.023789229094982146
426 3.944501035992289 0.0032143859043717382 0.024261657297611237
427 3.80539774200588 0.0032069999165832996 0.024121869206428528
428 3.720945954992203 0.003210749503225088 0.023603155612945556
429 3.7366135170013877 0.0032110956124961378 0.023832919895648955
430 3.9627523989911424 0.003206731893122196 0.02367898404598236
431 3.8501659969915636 0.003201835233718157 0.023920548260211946
432 3.8561516030022176 0.003213468711823225 0.024022027254104614
433 3.764301356000942 0.0032348269037902355 0.02394435167312622
434 3.7789313399989624 0.003214439742267132 0.023789714872837067
435 3.796665114001371 0.003219052840024233 0.02344374269247055
436 3.825370310994913 0.0032268082723021507 0.02364866644144058
437 3.813779768999666 0.003218344796448946 0.024162290394306184
438 3.748026432003826 0.0032091655507683753 0.02385344177484512
439 3.8720122810045723 0.0032035020515322685 0.023148911595344542
440 3.826432511996245 0.00319383492320776 0.02342629224061966
441 3.7706808209914016 0.0032157908044755457 0.023582463562488557
442 3.8585344669991173 0.0032505128830671312 0.023766377568244935
443 3.840468205002253 0.0031995322294533254 0.023813042044639587
444 4.032512812991627 0.003206979613751173 0.023294811546802522
445 3.834950682998169 0.0031956554763019084 0.023815903961658478
446 3.827826067994465 0.0032039137445390225 0.02384101688861847
447 3.765083428006619 0.003206578992307186 0.023916749358177183
448 3.80515844799811 0.003199045855551958 0.02355478972196579
449 3.788033766002627 0.003201350074261427 0.02328137308359146
450 3.854085357990698 0.0032083822190761566 0.023821106255054472
451 3.8096221329906257 0.003197576578706503 0.023064958453178405
452 3.8605187500070315 0.003195910669863224 0.023423296809196473
453 3.8289610099891433 0.0031862769089639185 0.02372041255235672
454 3.833259533988894 0.0032025517635047435 0.023310126066207887
455 3.845030394004425 0.003193326584994793 0.023735231161117552
456 3.8295194359961897 0.0032443742007017135 0.02319613307714462
457 3.7967295209964504 0.0032498440518975258 0.02296324968338013
458 3.814422896000906 0.0032105828002095224 0.023338790237903594
459 3.8275834750093054 0.00322489757835865 0.023258465230464934
460 3.7811395519966027 0.0032520336583256723 0.023670019805431364
461 3.787213116986095 0.003202019102871418 0.023787699937820435
462 3.780691512991325 0.0032234139181673525 0.0234358087182045
463 3.847517935995711 0.0031803261041641233 0.023479858040809633
464 3.76903839399165 0.0031755498424172403 0.023535180985927582
465 3.805049812013749 0.00316813300549984 0.02334466964006424
466 3.7440559530077735 0.003167144510895014 0.02367330700159073
467 3.789880814991193 0.003179650232195854 0.022863326072692872
468 3.766416754995589 0.0031966433934867383 0.0237354975938797
469 3.808342743999674 0.003170315381139517 0.023043455481529238
470 3.772673309998936 0.0031644351296126845 0.02314746469259262
471 3.7978515699942363 0.0031697852946817877 0.023028573393821715
472 3.765036472992506 0.003178567439317703 0.02335859656333923
473 3.8162905310018687 0.0031656492799520494 0.023160361647605897
474 3.7674911939975573 0.003165065452456474 0.02297420531511307
475 3.8142802130023483 0.0031666832230985167 0.023728880286216735
476 3.6879028669936815 0.0031692000329494475 0.023013393580913543
477 3.9050977199949557 0.003174483422189951 0.023401041626930238
478 3.807504031996359 0.003163312140852213 0.02336888909339905
479 3.7904692080046516 0.003154404938220978 0.022874913215637206
480 3.792467367995414 0.003170923300087452 0.02309340924024582
481 3.7870080650027376 0.003160051804035902 0.022973865270614624
482 3.8518995179911144 0.003154580060392618 0.022774325013160707
483 3.731228125994676 0.00316962730884552 0.022692325115203856
484 3.977729217003798 0.0032246244736015795 0.022013128101825714
485 3.7783743600011803 0.0032135371044278143 0.02291049599647522
486 3.7700402199989185 0.003185015518218279 0.023028620183467866
487 3.8050527550076367 0.0031670267060399057 0.022547052800655366
488 3.698684091999894 0.0031553554870188236 0.023408226370811462
489 3.9134744000039063 0.0031500460430979728 0.02296467125415802
490 3.718893647004734 0.003175935536623001 0.02291937291622162
491 3.82386026000313 0.0031765363104641437 0.023578801155090333
492 3.8062123179988703 0.0031515863761305807 0.022816420197486878
493 3.8037480909988517 0.0031371460258960726 0.023272298276424408
494 3.817406640999252 0.003166753441095352 0.023403306901454927
495 3.7811568319884827 0.003156029187142849 0.022926401495933533
496 3.8367984930082457 0.0031639295257627964 0.02232213020324707
497 3.9306569049949758 0.003203091032803059 0.02300954222679138
498 3.8202900890028104 0.0031978016681969168 0.023195365369319917
499 3.8069127289927565 0.0031601701080799104 0.022972536385059358
500 3.877993169007823 0.0031070453859865666 0.022807785272598267
501 3.7969051339896396 0.0030923801809549334 0.022930835485458375
502 3.682250904996181 0.0030871808007359503 0.023169221580028532
503 3.7848407580022467 0.0030881672725081443 0.02283231735229492
504 3.720698375007487 0.0030846894532442094 0.02305991291999817
505 3.725044874998275 0.0030826276876032353 0.022988782525062562
506 3.8037078339984873 0.0030816746540367605 0.02300980508327484
507 3.766157555990503 0.003082635346800089 0.02296773165464401
508 3.7733926359942416 0.003080605760216713 0.023058803379535676
509 3.7331025520106778 0.0030802353136241438 0.02289253681898117
510 3.822221598995384 0.003079385370016098 0.022902745604515076
511 3.7920197030034615 0.003080816622823477 0.022781874239444732
512 3.787769880000269 0.003079966627061367 0.022983795702457427
513 3.816195688006701 0.0030794485546648503 0.0228559085726738
514 3.8440155909920577 0.0030821020789444445 0.022798167765140532
515 3.688973480006098 0.0030834366381168364 0.023100935518741608
516 3.8311709639965557 0.003081738844513893 0.02305623799562454
517 3.8184762710006908 0.0030815253034234048 0.02298607975244522
518 3.7238118380046217 0.003083594240248203 0.02296162277460098
519 3.731068333989242 0.0030821264907717706 0.02296169728040695
520 3.7617964940000093 0.0030795986242592335 0.02279269218444824
521 3.706963189993985 0.003077565651386976 0.022827945351600647
522 3.8668955210014246 0.0030765250101685523 0.022671031355857848
523 3.7974022690032143 0.0030777801424264908 0.022776907384395598
524 3.9410436100006336 0.003075624544173479 0.022724238932132722
525 3.7656283770047594 0.003076878748834133 0.023161439299583433
526 3.7899131430021953 0.003083629745990038 0.022362521588802337
527 3.958439868001733 0.003076110269874334 0.022962329387664796
528 4.049704643999576 0.003073539827018976 0.02282553195953369
529 3.9264649230026407 0.0030749107636511325 0.022900893986225128
530 3.997451919989544 0.003071236256510019 0.022760812044143677
531 3.8757727310003247 0.0030714626386761667 0.022634429633617403
532 3.9640265710040694 0.0030750832483172415 0.022728222608566283
533 3.8752628630027175 0.0030698862075805664 0.02270773261785507
534 3.9469750790012768 0.003068902485072613 0.022729834318161012
535 3.783917968001333 0.0030689811781048773 0.022739298045635223
536 3.7700532820017543 0.0030694353207945824 0.022701548337936403
537 3.7925543550081784 0.003073718540370464 0.02306749552488327
538 3.7657587610010523 0.003069362126290798 0.022911625206470488
539 3.8630236070021056 0.0030674877353012563 0.02289100527763367
540 3.894196234003175 0.0030745055712759497 0.022813551723957062
541 3.7542946049943566 0.003068670902401209 0.0226360285282135
542 3.745688982991851 0.0030673862732946873 0.02264798730611801
543 3.7085853479948128 0.0030665628872811796 0.022750246226787566
544 3.776790157004143 0.003067619927227497 0.022838855683803557
545 3.8848670619918266 0.0030685778111219407 0.022729070484638215
546 3.816122603006079 0.0030641949735581873 0.0226143217086792
547 4.161456401008763 0.003067549031227827 0.022858708798885345
548 3.9913420399971073 0.0030706398338079454 0.022701172232627867
549 3.801508880002075 0.003072285708039999 0.022568980455398558
550 3.7334877319954103 0.0030649886690080168 0.022643289864063262
551 3.8465224530082196 0.0030614673160016537 0.02272315412759781
552 3.7852437819965417 0.003061207424849272 0.022842984795570374
553 3.818624538005679 0.0030669495202600957 0.02237712413072586
554 3.7246091100096237 0.0030779658667743205 0.022632049024105073
555 3.789901613999973 0.0030663739666342733 0.0225294828414917
556 3.7411263180110836 0.003057971131056547 0.022669627666473388
557 3.8611053330096183 0.0030575326792895794 0.02266655534505844
558 3.7828648159920704 0.0030583058558404444 0.022437512576580047
559 3.8374662550049834 0.0030596998892724516 0.02239209532737732
560 3.919186726998305 0.0030578737668693064 0.022226272225379942
561 3.7263231089891633 0.0030643681734800338 0.022278653383255007
562 3.844307947991183 0.0030590473227202894 0.022789103388786317
563 3.862065695997444 0.0030626248866319657 0.02225615382194519
564 3.836446066008648 0.0030652289018034936 0.02263419270515442
565 3.810291332003544 0.00305447269231081 0.022359158396720886
566 3.8329843659885228 0.0030542300119996073 0.02248418241739273
567 3.7639376479928615 0.0030550042167305945 0.022777786254882814
568 3.7202154499973403 0.0030614702627062796 0.02264601528644562
569 3.8121721360075753 0.003064650636166334 0.022441776692867278
570 3.7813941409986 0.00305656361579895 0.022300498485565187
571 3.7475748880096944 0.00305392324924469 0.022793057560920715
572 3.71054804699088 0.0030517114363610744 0.022450059354305267
573 3.8110824250034057 0.0030487722530961035 0.022653251588344574
574 3.878674453997519 0.0030460543520748613 0.022454078197479247
575 4.024583138001617 0.0030509725138545035 0.02278289884328842
576 3.909477364999475 0.003057167187333107 0.022283635437488555
577 3.8837662340083625 0.003070548802614212 0.023050137162208557
578 3.6886202750029042 0.003048055864870548 0.0224040225148201
579 3.8176567740010796 0.0030450911559164523 0.02244954854249954
580 3.7011902060039574 0.003042638823390007 0.022599572241306307
581 3.7910276070033433 0.0030505654141306875 0.02267277240753174
582 3.8653629469918087 0.0030441689491271973 0.022396004199981688
583 3.734624144999543 0.003042228691279888 0.022704397141933442
584 3.841649639987736 0.003040317215025425 0.022525683045387268
585 3.8240755930019077 0.0030427994877099992 0.02259074240922928
586 3.7876292250002734 0.0030532471388578413 0.022553866505622865
587 3.864026944997022 0.003050673685967922 0.02210839480161667
588 3.800919054003316 0.0030495648756623268 0.022403227984905242
589 3.763256738006021 0.0030421449057757856 0.022287782728672028
590 3.6921173730079317 0.0030370479188859462 0.022226476073265077
591 3.7242279750062153 0.003037987306714058 0.022345533967018126
592 3.795382159005385 0.0030353291630744934 0.02224514991044998
593 3.7109447050024755 0.003037040486931801 0.022450236380100252
594 3.7941698749928037 0.003037046246230602 0.022399886846542358
595 3.7848729029938113 0.0030337361842393876 0.022408837378025057
596 3.8700420989916893 0.0030329686105251314 0.022415432929992676
597 3.8214426699996693 0.0030489659011363984 0.021865713000297545
598 3.900726293999469 0.0030542882010340692 0.022351295053958893
599 3.7673938140069367 0.0030439985282719136 0.022083697319030763
600 3.7261308950110106 0.003016618315130472 0.022270544171333312
601 3.8992288059962448 0.0030105455107986927 0.022242665588855744
602 3.8295970000035595 0.0030095987878739835 0.02218768507242203
603 3.8364649889990687 0.003009562112390995 0.022286221981048585
604 3.7053987109975424 0.003008883588016033 0.022277892827987672
605 3.772627124999417 0.003008594360202551 0.02234643429517746
606 3.7801801699970383 0.003008031230419874 0.022164923548698427
607 3.802049329999136 0.0030076428800821305 0.022308590710163115
608 3.771479374001501 0.0030066082179546357 0.022241063714027405
609 3.7208504500013078 0.003008752014487982 0.0222347092628479
610 3.7889481159945717 0.00300730986520648 0.02223682463169098
611 3.840928449993953 0.0030068585984408857 0.02220653086900711
612 3.7885857460059924 0.0030065237544476984 0.022157631814479828
613 3.7963986689865123 0.003006859790533781 0.022103713154792787
614 3.8154818110051565 0.0030067787766456604 0.022200569212436676
615 3.7569718940067105 0.003006417255848646 0.022137571275234223
616 3.8082500960008474 0.0030053082816302776 0.02212387353181839
617 3.706953749002423 0.003005489185452461 0.022317453026771544
618 3.8112894980004057 0.0030058850683271883 0.022277800142765047
619 3.7470362080057384 0.003003956314176321 0.022199577093124388
620 3.8987139230011962 0.003004375196993351 0.022262858152389528
621 3.70623084899853 0.0030042129568755628 0.022044052183628083
622 3.805687404004857 0.00300315335765481 0.022126107215881347
623 3.772698101005517 0.0030040693767368794 0.022306376397609712
624 3.7791904990008334 0.0030019680596888067 0.022226409912109377
625 3.7970205530000385 0.0030050500333309174 0.02216958612203598
626 3.718623063992709 0.0030029614642262457 0.022258300483226776
627 3.8647392290004063 0.0030013356022536753 0.022189178466796876
628 3.8051129130035406 0.0030009060353040694 0.022147513926029205
629 3.7652570779901 0.003002860713750124 0.02232018977403641
630 3.7923718789970735 0.0030020376816391947 0.022401679754257203
631 3.792280430003302 0.003000427145510912 0.022226302623748778
632 3.8658034010004485 0.002999855440109968 0.022175320088863373
633 3.7589023699983954 0.0030009330324828627 0.022391373515129088
634 3.728599950991338 0.003001733236014843 0.022236061692237855
635 3.749160897001275 0.0030007677599787714 0.022236110270023347
636 3.9148846559983213 0.0030016488134860992 0.022235586047172545
637 3.807495287997881 0.0030015118457376957 0.02212415337562561
638 3.8561688600020716 0.0030007911399006844 0.02221208781003952
639 3.7856878909951774 0.002997942741960287 0.022126941084861754
640 3.7680075090029277 0.002999929752200842 0.022286756634712218
641 3.81306943600066 0.002999262906610966 0.02202892631292343
642 3.874000858006184 0.00299927481263876 0.022000619471073152
643 3.6947840369975893 0.0029987808726727964 0.022333233952522277
644 3.790172123000957 0.0029967083521187307 0.0219820499420166
645 3.7757855460076826 0.0029962448105216024 0.022106565833091736
646 3.768635765009094 0.00299621644616127 0.022097179591655733
647 3.8101341660076287 0.0029966192282736303 0.021935680210590364
648 3.7476903019996826 0.002995924327522516 0.022079598009586334
649 3.806577240000479 0.0029952376112341882 0.022132884860038757
650 3.8055939710029634 0.0029970411248505116 0.022216078341007233
651 3.829331564003951 0.002997031081467867 0.022027734220027923
652 3.7469487360067433 0.0029944715313613415 0.022023166120052336
653 3.860510536003858 0.002994848575443029 0.022082080245018006
654 3.7815423510037363 0.0029927338510751726 0.02209959179162979
655 3.8473852219904074 0.002993488311767578 0.02199366331100464
656 3.8993345799972303 0.0029927091524004938 0.022083565592765808
657 3.7976376899896422 0.0029913438111543655 0.02217021942138672
658 3.772218393001822 0.0029921257346868517 0.022022146582603454
659 3.872414588011452 0.002994644697755575 0.022061731219291687
660 3.818242250010371 0.002994086418300867 0.02206786662340164
661 3.735650706992601 0.002993465930223465 0.022052802443504334
662 3.8922484630020335 0.0029909262917935846 0.021953667998313903
663 3.972423939994769 0.002989589083939791 0.022126893997192382
664 3.775973761003115 0.0029896420873701574 0.022078864872455597
665 3.7324988990003476 0.0029890515208244326 0.02213203102350235
666 3.850775696002529 0.002989184994250536 0.0221009024977684
667 3.829306119994726 0.0029902933016419412 0.02184253066778183
668 3.739320743989083 0.0029887714870274066 0.022056394815444948
669 3.838701745000435 0.0029881658628582953 0.022005411982536315
670 3.8028279499994824 0.002987852841615677 0.022093839645385742
671 3.7735945339954924 0.002987386383116245 0.02195789188146591
672 3.765536927996436 0.002986722443252802 0.02204146921634674
673 3.724724851999781 0.0029870520606637 0.021968700289726258
674 3.7034531199897174 0.002986276749521494 0.022168288230895995
675 3.7680848769959994 0.002986307762563229 0.022083489596843718
676 3.727334253009758 0.002985416613519192 0.02195660799741745
677 3.8608472219930263 0.002984881967306137 0.02188043624162674
678 3.699174673995003 0.00298575497046113 0.022147053480148317
679 3.8218032289878465 0.002985521860420704 0.02185172826051712
680 3.682881326007191 0.002984987646341324 0.021811162233352662
681 3.7282444149896037 0.0029834279268980027 0.022160265743732453
682 3.808231955001247 0.002985951267182827 0.022091392874717713
683 3.7458437029999914 0.002986202709376812 0.022016888856887816
684 3.788306068003294 0.0029836175963282585 0.021968520879745483
685 3.8742618179967394 0.0029822797663509844 0.02199592500925064
686 3.8862632639938965 0.0029812256135046482 0.021980218291282654
687 3.7226347090036143 0.002981754094362259 0.02185404896736145
688 3.822013845012407 0.0029813630059361456 0.021723315715789795
689 3.81267779499467 0.0029832627698779105 0.021974326074123383
690 3.7438505360041745 0.0029827262349426745 0.021819061934947967
691 3.8837975779897533 0.002980730973184109 0.02185656040906906
692 3.9361990580073325 0.002979308590292931 0.021943027675151824
693 3.8119329330074834 0.002979440677911043 0.021980361938476564
694 3.8044591100042453 0.002979537192732096 0.021978021562099458
695 3.7389634049905 0.0029779835902154447 0.02186907649040222
696 3.708740863992716 0.0029794797226786614 0.021823542416095732
697 3.779005007003434 0.002978695683181286 0.02192090541124344
698 3.7915266229974804 0.002978297043591738 0.021879906952381133
699 3.725940584001364 0.0029778259955346585 0.02180461585521698
700 3.8397342000098433 0.00296815737336874 0.021832009851932524
701 3.859582307006349 0.0029663373231887816 0.021913480162620545
702 3.8107193580071907 0.0029656261168420316 0.021917401254177092
703 3.717342247997294 0.002965727299451828 0.02199295312166214
704 3.7904535840061726 0.0029660954028367997 0.021882533729076385
705 3.6849639790016226 0.002965257652103901 0.021766086220741273
706 3.807358464997378 0.002965175546705723 0.021897293031215667
707 3.8366172969981562 0.002964675925672054 0.02186349868774414
708 3.806379506990197 0.002965065307915211 0.021971255838871002
709 3.7492901170044206 0.002964902650564909 0.02182236433029175
710 3.831665718011209 0.0029649240523576736 0.021840555667877196
711 3.800969342002645 0.0029640741758048534 0.021848874092102052
712 3.8068691389926244 0.002965031549334526 0.02186440020799637
713 3.790985298997839 0.002964789368212223 0.021842262148857115
714 3.6890056779957376 0.0029643321447074414 0.02187774211168289
715 3.777524262011866 0.002964200086891651 0.02188691109418869
716 3.742148500008625 0.002963545259088278 0.02187883049249649
717 3.721327494000434 0.002963930353522301 0.02183866947889328
718 3.7774728369986406 0.0029632267244160174 0.021803272366523744
719 3.8574803360097576 0.0029638812951743605 0.021927317976951598
720 3.80380521400366 0.0029642618484795095 0.021768105626106263
721 3.8111062709940597 0.0029631938487291337 0.021776171922683715
722 3.745569108010386 0.0029625254310667514 0.021852833032608033
723 3.753361323993886 0.0029624228104948996 0.02168985307216644
724 3.759955870002159 0.0029619074277579785 0.021856935620307924
725 3.8186676710029133 0.0029618324264883995 0.02178196609020233
726 3.7636294110125164 0.0029615922905504703 0.021792664527893066
727 3.752231350998045 0.0029628105871379374 0.02197391390800476
728 3.8025991189933848 0.002962560910731554 0.02191182881593704
729 3.860328828988713 0.0029610867910087107 0.02175049692392349
730 3.8738682080002036 0.0029621505364775657 0.021848282814025878
731 3.8780844790017 0.0029617456793785096 0.021769634187221526
732 3.705720788988401 0.00296073916554451 0.02182292699813843
733 3.795144044997869 0.0029599650204181673 0.021793634295463563
734 3.741986088993144 0.0029602351374924184 0.02170221000909805
735 3.6963335730106337 0.0029601475037634374 0.021697888672351836
736 3.762175941010355 0.0029596667028963567 0.021763262152671815
737 3.8023812729952624 0.002959791302680969 0.021738470494747163
738 3.794626771006733 0.0029622672237455843 0.021852656006813048
739 3.8431639680056833 0.0029591548182070254 0.021749716103076935
740 3.8225754059967585 0.002959370084106922 0.021760717630386353
741 3.7009043539874256 0.002958282358944416 0.021755896508693695
742 3.723828764006612 0.0029591108411550523 0.02185404807329178
743 3.901967351004714 0.0029590412713587284 0.02173928439617157
744 3.6836776199925225 0.002958619073033333 0.021667982935905456
745 3.7167519009963144 0.002958543177694082 0.0216631481051445
746 3.80262319999747 0.0029588833451271055 0.02169987201690674
747 3.804823913000291 0.002958386570215225 0.021798920333385468
748 3.683761724998476 0.002957786899060011 0.021791859567165374
749 3.8924230669945246 0.002957608196884394 0.02178391396999359
750 3.818168019002769 0.0029568567052483557 0.021891918778419495
751 3.8215203609870514 0.002957019455730915 0.021765789687633513
752 3.7970272899983684 0.0029566313438117503 0.0216493958234787
753 3.8089361780002946 0.0029566359110176563 0.021767438352108003
754 3.8497483730025124 0.0029561857581138612 0.021787168085575105
755 3.862068602000363 0.0029561723843216895 0.021794382631778717
756 3.6860887950024335 0.0029551878683269023 0.021789487302303314
757 3.8973638280003797 0.002955595713108778 0.021710371375083925
758 3.7634085549943848 0.002955611575394869 0.0217875599861145
759 3.732789971996681 0.0029552777744829657 0.0216898712515831
760 3.7796708950045286 0.0029556649178266526 0.021671116650104523
761 3.775271160993725 0.002954552561044693 0.021718384325504304
762 3.7990082449978217 0.002955607574433088 0.021688224375247957
763 3.7406310649967054 0.002954919442534447 0.02173524409532547
764 3.830702711988124 0.0029545242823660373 0.02179588198661804
765 3.8423571580060525 0.0029548382274806498 0.02164788693189621
766 3.864338912986568 0.0029547114968299865 0.02159175366163254
767 3.7664005819970043 0.00295391995087266 0.021781728565692902
768 3.8420005769876298 0.0029537085108458996 0.021657281816005708
769 3.874185521999607 0.0029535999037325384 0.02167554944753647
770 3.762748090986861 0.0029540486223995684 0.02175661861896515
771 3.9322441639960743 0.0029535494968295096 0.02166773647069931
772 3.8167977909906767 0.0029532265327870846 0.021789023578166963
773 3.7040379329991993 0.002952424954622984 0.021755098402500152
774 3.840186754008755 0.002952185142785311 0.02169584810733795
775 3.851825771998847 0.002952765092253685 0.02179899424314499
776 3.81055513600586 0.0029527509286999703 0.02162066489458084
777 3.7954760680004256 0.002951980374753475 0.021719325184822082
778 3.7853412379918154 0.002951951339840889 0.02176773488521576
779 3.730806327992468 0.002951118387281895 0.021618193686008452
780 3.7960876869910862 0.0029513610638678073 0.021730981171131133
781 3.7269786710094195 0.0029512715972959997 0.021666881442070008
782 3.724805402001948 0.0029518146328628065 0.021652820110321044
783 3.755785186003777 0.0029501273930072785 0.02170325368642807
784 3.8133254290005425 0.0029506561905145645 0.021757828891277312
785 3.751745789006236 0.002949968982487917 0.021714204251766206
786 3.827899490992422 0.0029510518200695514 0.021816415786743162
787 3.838962323992746 0.0029504629857838153 0.021534583270549773
788 3.772040273004677 0.002949455428868532 0.02162633657455444
789 3.7752236200030893 0.002949358493089676 0.021588508784770966
790 3.7463698830106296 0.002949260972440243 0.021668587028980255
791 3.791233595999074 0.0029495285898447038 0.021659335792064666
792 3.7956119250011398 0.0029501272328197954 0.021752521693706513
793 3.711098347994266 0.002949901681393385 0.021614419519901274
794 3.7131300830078544 0.00294974659755826 0.021709587275981903
795 3.8708539429935627 0.0029489574357867243 0.021644176840782167
796 4.258501712989528 0.0029485388249158857 0.021640098989009857
797 3.833330109002418 0.002947725720703602 0.021631830036640168
798 3.808685511990916 0.0029484592378139496 0.021617818176746368
799 3.8764909229939803 0.002947600644081831 0.021668182015419007
800 3.8165252360049635 0.0029421195201575754 0.021624387204647065
801 3.8244203360081883 0.0029417799785733225 0.021679879724979402
802 3.6898042389948387 0.0029415749423205855 0.021595142185688018
803 3.929137304003234 0.0029415958970785143 0.021658489406108858
804 3.773082298997906 0.0029416734538972376 0.02167467087507248
805 3.7773962560022483 0.002941334780305624 0.021634402573108672
806 3.7812198370083934 0.00294108160212636 0.021638978719711304
807 3.780825965004624 0.0029414174519479274 0.021620247960090638
808 3.805832127996837 0.0029411115534603597 0.02158446192741394
809 3.8562879330129363 0.0029412494488060474 0.021613803505897523
810 3.7645143650006503 0.002940895363688469 0.02158695101737976
811 3.858797510009026 0.0029406575672328472 0.021667716503143312
812 3.760409386988613 0.0029412809163331987 0.02166671246290207
813 3.713537294010166 0.0029407888278365135 0.021611136198043824
814 3.721810959003051 0.0029403524361550806 0.02160280227661133
815 3.7705119820020627 0.002940294340252876 0.02164302945137024
816 3.8327813380019506 0.0029403197802603245 0.021649990677833558
817 3.8765537639992544 0.0029398497454822064 0.021597848236560822
818 3.759627116000047 0.002940270531922579 0.021685413420200347
819 3.740823457002989 0.0029400997050106526 0.02164386510848999
820 3.812910380991525 0.002939615920186043 0.02156647503376007
821 3.8960989430051995 0.0029396927691996096 0.021667992472648622
822 3.862655912002083 0.0029398945532739165 0.021629379093647004
823 3.7121272849908564 0.00293947072327137 0.021601096391677857
824 3.783480138008599 0.00293986926227808 0.021598234474658966
825 3.7765076420037076 0.002940134160220623 0.021603418290615083
826 3.722604278998915 0.002939366213977337 0.021635711193084717
827 3.789731530996505 0.0029391434751451016 0.02161768704652786
828 3.7223129979975056 0.0029388667419552802 0.02161868631839752
829 3.9993633139965823 0.0029392550811171534 0.021494558453559874
830 3.8431626240053447 0.0029389402084052563 0.021596271991729737
831 3.7613716490013758 0.0029390510730445385 0.021608859598636627
832 3.760724988998845 0.00293920012190938 0.02160247355699539
833 3.8774848300090525 0.0029389312975108624 0.021578954458236696
834 3.7460753949999344 0.002938742235302925 0.021615433394908904
835 3.7695517980027944 0.002938404344022274 0.021550506353378296
836 3.750658895005472 0.0029384488612413406 0.021563122868537902
837 3.773409512010403 0.0029383047930896283 0.021596776247024538
838 3.766827295999974 0.0029382199831306933 0.021599279046058656
839 3.94053694800823 0.002938154350966215 0.02152744561433792
840 4.104792782003642 0.00293805618211627 0.021582400500774382
841 4.553006329995696 0.002937681846320629 0.02156448394060135
842 3.740116663000663 0.002937743365764618 0.021556033194065093
843 3.811330096999882 0.002937551956623793 0.02154833734035492
844 3.814319383003749 0.002937558885663748 0.021619203388690948
845 3.7171228930092184 0.0029373551309108733 0.021555836498737335
846 3.803549866992398 0.0029370384104549885 0.02163447141647339
847 3.7310444259928772 0.002937372010201216 0.021566268503665924
848 3.787959453999065 0.0029372637793421744 0.02152295470237732
849 3.8351548649952747 0.002937159791588783 0.02158826231956482
850 3.7421271369967144 0.0029366253428161145 0.02157469779253006
851 3.7971560209989548 0.0029367535077035427 0.021606427431106568
852 3.75284441599797 0.0029366809241473677 0.02153106689453125
853 3.682126810992486 0.0029364825151860716 0.02160718888044357
854 3.881286388001172 0.0029365224167704584 0.021514592766761778
855 3.7664941959956195 0.002936254795640707 0.021556074917316436
856 3.91604116599774 0.0029362621903419495 0.021618962585926056
857 3.7487299839995103 0.0029359912760555744 0.021502614319324494
858 3.8581520110019483 0.002935680914670229 0.02154524773359299
859 3.824630264993175 0.002935769964009523 0.02153535783290863
860 3.722527360005188 0.0029361272528767588 0.021525446474552155
861 3.740076914007659 0.0029355649538338182 0.021555181443691254
862 3.9452985759999137 0.0029354186430573465 0.021565321385860443
863 3.7986919489922 0.0029353505820035935 0.02160159021615982
864 3.855318942005397 0.0029354884438216686 0.02156733751296997
865 3.712512030004291 0.002935270469635725 0.02158008426427841
866 3.750810231009382 0.0029350310377776623 0.02153341203927994
867 3.994496847008122 0.0029352922812104225 0.021574715971946715
868 3.988496124991798 0.0029348821714520455 0.021559380292892456
869 3.8601896410109475 0.002934954721480608 0.02148885726928711
870 3.8491306719952263 0.0029350700490176677 0.02146265298128128
871 3.7871856720012147 0.002934668406844139 0.021543403267860414
872 3.720122757003992 0.002934360031038523 0.021561757028102875
873 4.008845011005178 0.002934517491608858 0.02160050094127655
874 3.744422552001197 0.0029340533725917338 0.021602316498756408
875 3.9759535060002236 0.002934167191386223 0.021551617085933686
876 3.7667386890097987 0.002933934610337019 0.021542739868164063
877 3.7727232899924275 0.0029337113127112387 0.021557259559631347
878 3.76991014899977 0.0029339684210717676 0.021596087515354155
879 4.243249785999069 0.0029335011541843413 0.021404037177562715
880 4.7002184110024245 0.0029338634759187698 0.021459190249443053
881 3.913581211003475 0.0029332811012864114 0.021549393236637116
882 3.780057518000831 0.0029336021319031715 0.02150503247976303
883 3.814050020999275 0.002933667954057455 0.021532157957553862
884 3.7337681889912346 0.0029331216514110565 0.021545103788375854
885 3.72775897399697 0.002933137461543083 0.02153839647769928
886 3.7406814619898796 0.002932965911924839 0.02149577260017395
887 3.8192386599985184 0.0029326798655092716 0.02153457373380661
888 3.8279477860050974 0.0029326865561306475 0.021506544649600983
889 3.821071944999858 0.002932690840214491 0.02154895693063736
890 3.894948436995037 0.0029325117841362955 0.021478935480117797
891 3.8554887700011022 0.0029328216426074503 0.02145728886127472
892 3.727418777998537 0.002932170633226633 0.021498028337955475
893 3.8803665379964514 0.0029320299699902535 0.021445299983024597
894 3.775624116009567 0.0029325653463602064 0.021462110280990602
895 3.8043822280014865 0.0029322111792862413 0.021526341140270234
896 3.8303399149881443 0.0029316084533929825 0.021603589057922364
897 3.8056334479915677 0.002931750889867544 0.021532383263111115
898 3.83627908899507 0.0029318840876221657 0.021458275020122528
899 3.793957792004221 0.0029315322525799276 0.02150511384010315
900 3.8060106549964985 0.002928804386407137 0.021463379561901093
901 3.790422877005767 0.0029286090061068533 0.021513647735118865
902 3.7862210480088834 0.0029285965524613856 0.021509617865085602
903 3.7298448709916556 0.0029283322878181934 0.0215169095993042
904 3.777523755998118 0.0029283523969352247 0.02149359494447708
905 3.7286437099974137 0.0029281382486224176 0.0215557661652565
906 3.7437028040003497 0.0029283276088535788 0.021505658328533173
907 3.7642151430045487 0.002928141362965107 0.021499849557876587
908 3.9569698859995697 0.0029282698556780816 0.021461696326732636
909 3.775376026009326 0.002928164482116699 0.021507517993450166
910 3.7104133129905676 0.0029280899539589882 0.021459315717220307
911 3.779026553995209 0.002927923981100321 0.02146226853132248
912 3.7608025000081398 0.002927858240902424 0.02147254228591919
913 3.741217458009487 0.0029279356338083743 0.021497643887996673
914 3.75404675900063 0.0029278620965778827 0.02149917334318161
915 3.7636562080006115 0.002927772343158722 0.021461449563503265
916 3.8088225289975526 0.0029277556873857974 0.021526896357536317
917 3.8198265149985673 0.0029278352074325084 0.021474387049674987
918 3.807270364006399 0.0029277798347175123 0.021484058499336243
919 3.7956379060051404 0.002927539598196745 0.021447044014930725
920 3.752198442001827 0.002927650574594736 0.02152949959039688
921 3.7152012169972295 0.002927673175930977 0.02150282770395279
922 3.7916335000045365 0.0029274240545928477 0.021469114422798155
923 3.8077541410020785 0.0029273340925574302 0.021456438601016998
924 3.800406693990226 0.0029273212179541587 0.021482410132884978
925 3.7617486960079987 0.0029272120632231236 0.021484596729278563
926 3.742545388988219 0.0029271544478833675 0.021468243598937987
927 3.73919710899645 0.0029271260276436807 0.02148985356092453
928 3.922942524004611 0.0029271592423319817 0.02147461414337158
929 3.7120408519986086 0.0029270489662885668 0.02145119309425354
930 3.807561077992432 0.002926935963332653 0.02149736851453781
931 3.7064725009986432 0.002926770333200693 0.021446800231933592
932 3.8366225070058135 0.002926994536072016 0.021529115438461303
933 3.8351001650007674 0.002926591396331787 0.0214795857667923
934 3.768711497003096 0.0029266040585935117 0.021445736289024353
935 3.7769468229962513 0.0029267331026494505 0.021432443261146544
936 3.8261036860058084 0.002926527887582779 0.021407976746559143
937 3.7669480570039013 0.0029265207834541797 0.021481679379940034
938 3.8096984139992855 0.0029264058023691177 0.021446510553359985
939 3.7896862689958652 0.002926545687019825 0.021474945843219757
940 3.849699101992883 0.0029264237135648726 0.021488629281520844
941 3.7293167949974304 0.002926322102546692 0.021450907588005066
942 3.8727983590069925 0.002926387336105108 0.021473049521446227
943 3.7595719950040802 0.002926365412771702 0.0214897558093071
944 3.7549877939891303 0.0029262778908014297 0.021443228721618652
945 3.8010943480039714 0.002926113959401846 0.021445934176445008
946 3.720585515999119 0.002926057368516922 0.02146291494369507
947 3.73945420999371 0.002925956305116415 0.021467048227787017
948 3.7839089179906296 0.002926212314516306 0.021441664099693298
949 3.758434399001999 0.002925791069865227 0.021465776264667513
950 3.8679789409943623 0.0029257341772317884 0.02146193414926529
951 3.753761196989217 0.002925565831363201 0.02147463709115982
952 3.8452111939986935 0.002925584599375725 0.02145945817232132
953 3.8925720379920676 0.002925730373710394 0.021393795013427735
954 3.832025543000782 0.0029255536943674086 0.021408323347568512
955 3.881987257002038 0.002925456192344427 0.021459717750549317
956 3.7830136660049902 0.0029254527911543845 0.021506087481975557
957 3.828824005991919 0.0029255116023123263 0.02151374489068985
958 3.862428431006265 0.0029253775663673877 0.021479288041591646
959 3.8432221839902923 0.002925347104668617 0.02145317703485489
960 3.7181557199946837 0.0029252074845135213 0.021457216441631316
961 3.688414603995625 0.002925150990486145 0.021484078764915468
962 3.811713065006188 0.0029251422509551047 0.021452091336250305
963 3.6844798289967002 0.0029251173101365567 0.02147576034069061
964 3.7594059230032144 0.0029249976985156537 0.021440082490444184
965 3.807240620997618 0.002924950309097767 0.021483355760574342
966 3.888017716992181 0.0029246873930096626 0.021395388841629028
967 3.7644070090027526 0.002924769103527069 0.021462403535842896
968 3.8026607100036927 0.0029247829355299472 0.021423577666282653
969 3.9298725729895523 0.0029248242154717445 0.021466349959373476
970 3.7499546040053247 0.0029248241372406484 0.02140334039926529
971 3.760040208013379 0.0029245502650737764 0.021474513113498687
972 3.810294127993984 0.002924595210701227 0.021446956396102904
973 3.844917798996903 0.002924388971179724 0.021436824202537536
974 3.8203447889973177 0.002924520034343004 0.02146652787923813
975 3.7466880200081505 0.002924365047365427 0.021431306302547456
976 3.8293200010084547 0.0029243554957211018 0.02143449544906616
977 3.81978308899852 0.0029243979267776013 0.021482449769973756
978 3.8963250989909284 0.0029241855554282665 0.02140923500061035
979 3.846372052008519 0.0029242978803813457 0.02145639657974243
980 3.7650739999953657 0.0029239697344601153 0.021458327174186706
981 3.950898082999629 0.00292397877573967 0.02145980328321457
982 3.804995828002575 0.0029239330403506756 0.02137268215417862
983 3.695999819014105 0.002923882894217968 0.02141647458076477
984 3.8322047639958328 0.0029238795898854733 0.02145131677389145
985 3.8814011679933174 0.0029236116372048856 0.02144709289073944
986 3.7803629440022632 0.002923607535660267 0.021437728703022005
987 3.8051392000052147 0.00292364314943552 0.02142465114593506
988 3.7789478539925767 0.002923579104244709 0.02144691616296768
989 3.857148152004811 0.0029236206486821176 0.021404693722724914
990 3.745524618003401 0.002923555038869381 0.02146582454442978
991 3.7933695529936813 0.002923479422926903 0.021405115127563476
992 3.772221378996619 0.002923344247043133 0.021448116302490234
993 3.8510253709973767 0.002923414569348097 0.02149765968322754
994 3.764990609997767 0.0029230128154158594 0.021433160901069642
995 3.8185429529985413 0.0029232931733131407 0.02146752178668976
996 3.9091463089862373 0.00292327143996954 0.021415534019470214
997 3.8330030939978315 0.0029233834110200404 0.021412891149520875
998 3.8445486900018295 0.002922930207103491 0.021460645496845246
999 3.79356396800722 0.002923031274229288 0.021564975678920746

Process finished with exit code 0
