/usr/bin/python3.8 /home/yiming/Desktop/luzhang_2021Fall/fourier_neural_operator/fourier_2d.py
1188353
0 2.173802733013872 1.9111187474727631 0.3629787588119507
1 2.193499225017149 0.13323772549629212 0.13267338275909424
2 2.1529449240188114 0.1530896520614624 0.13187589406967162
3 2.162410749006085 0.1427625515460968 0.4355954265594482
4 2.1390826979768462 0.15691886186599732 0.38866971015930174
5 2.145261391007807 0.09414915955066681 0.09044716954231262
6 2.2538521050009876 0.110796850502491 0.11099846124649047
7 2.1270017030183226 0.1374831601381302 0.26838270664215086
8 2.1270456739584915 0.06635944008827209 0.11035235643386841
9 2.135996975004673 0.10980008000135422 0.19932451248168945
10 2.1050842970144004 0.11068844032287598 0.07655299544334411
11 2.1057545919902623 0.11766252762079239 0.24709893703460695
12 2.112530031998176 0.10516348087787628 0.2771599245071411
13 2.1137068060343154 0.12421614801883697 0.06708946108818054
14 2.1077608339837752 0.11381159645318985 0.26802275657653807
15 2.106001535023097 0.0894763155579567 0.12074876308441163
16 2.107391641999129 0.11478672742843628 0.2825788545608521
17 2.1072571160038933 0.11046674847602844 0.15639664173126222
18 2.1115880500292405 0.10490678864717483 0.1938134479522705
19 2.113962901988998 0.18336915838718415 0.5966923809051514
20 2.114594832994044 0.179296547293663 0.04940976321697235
21 2.113027968967799 0.11767277300357819 0.2733700704574585
22 2.106464794022031 0.08146608358621597 0.13979142665863037
23 2.1194627580116503 0.05153561794757843 0.049287036657333375
24 2.102139559981879 0.06595077741146088 0.08465972185134887
25 2.113276698975824 0.06517832660675049 0.11780360221862793
26 2.1078555660205893 0.04881981289386749 0.07695899844169617
27 2.107706877985038 0.08545514792203904 0.055143612623214724
28 2.106529688986484 0.06866936522722245 0.0411844664812088
29 2.105650221987162 0.06422471243143081 0.043532952666282654
30 2.1028908580192365 0.0793488205075264 0.17688534498214722
31 2.111747008981183 0.16512098771333694 0.044728599190711975
32 2.1113933990127407 0.09299920988082885 0.0806154727935791
33 2.1066556079895236 0.09220473527908325 0.18847047328948974
34 2.1065465490100905 0.09132243764400483 0.06074682354927063
35 2.1117139710113406 0.05905842673778534 0.0580526602268219
36 2.1073599600349553 0.06200616136193275 0.05954083323478699
37 2.1066773560014553 0.09139529025554657 0.15423959970474244
38 2.107563639001455 0.0875613647699356 0.04117525339126587
39 2.1165229349862784 0.08607757389545441 0.22548730850219725
40 2.1129135079681873 0.08723268765211105 0.10193310022354125
41 2.112721994984895 0.12830858582258226 0.28413495540618894
42 2.109311586013064 0.1542766792178154 0.22430816650390625
43 2.1061014870065264 0.14831923508644104 0.14723142147064208
44 2.1137009789817967 0.14774541914463044 0.31449347496032715
45 2.10301401297329 0.12308452671766282 0.19305461406707763
46 2.1115268020075746 0.05143076717853546 0.14181319236755371
47 2.1094078630558215 0.07931494969129563 0.10593614578247071
48 2.105140749947168 0.07814498192071914 0.1364727520942688
49 2.1092337500303984 0.0761472886800766 0.0872868525981903
50 2.1069258909556083 0.07809199500083923 0.2018250846862793
51 2.113548956986051 0.07706511235237122 0.056077107191085815
52 2.1064260479761288 0.07803569734096527 0.17859808206558228
53 2.105803941958584 0.07530840891599655 0.09428330302238465
54 2.1039945690426975 0.0763829795718193 0.209444420337677
55 2.123881882056594 0.07775394105911256 0.10456384420394897
56 2.110284502035938 0.07651044511795044 0.16660052299499511
57 2.1094671659520827 0.07559410661458969 0.041749017238616945
58 2.111837703967467 0.07635422670841217 0.09300588965415954
59 2.105911176011432 0.07458428138494491 0.1397015142440796
60 2.1101331500103697 0.07637683737277985 0.10008423686027527
61 2.1131569260032848 0.07324913942813874 0.1744150972366333
62 2.108618223981466 0.0661659117937088 0.034325228929519655
63 2.109512827999424 0.036327333480119704 0.03346073091030121
64 2.108670652960427 0.03998533231019974 0.035175204277038574
65 2.1008795350207947 0.04034494596719742 0.09303220629692077
66 2.1034679990261793 0.05562299573421478 0.1019201111793518
67 2.1056993609527126 0.040477684527635574 0.08075248837471008
68 2.1075710380100645 0.07864130890369415 0.22709362506866454
69 2.111718794971239 0.07846998131275176 0.1043000078201294
70 2.107181742961984 0.07777801358699798 0.16591785669326783
71 2.106403970043175 0.07632287395000457 0.1286336040496826
72 2.108438009978272 0.07723986005783082 0.09915315866470337
73 2.1133483099984005 0.07374266862869262 0.15931556940078737
74 2.113748502044473 0.07556863370537757 0.06847008109092713
75 2.1065608970238827 0.07233388376235962 0.16230002641677857
76 2.1048542369971983 0.11306362980604172 0.2891113758087158
77 2.1013194419792853 0.13797282272577285 0.20212168693542482
78 2.114807436999399 0.08453576970100403 0.1100906801223755
79 2.1138598499819636 0.07220408195257187 0.036597540378570555
80 2.1015691889915615 0.07225913214683533 0.17568648099899292
81 2.1020210729911923 0.06004888644814491 0.12961118459701537
82 2.1080217999988236 0.0720933741927147 0.20607715606689453
83 2.104804547969252 0.13420792597532272 0.2859624767303467
84 2.114289884979371 0.13272771370410918 0.2326081371307373
85 2.1054418979911134 0.12939168334007264 0.24444963932037353
86 2.114708684035577 0.13066013062000276 0.13098715782165526
87 2.1050873629865237 0.07044582855701446 0.1317753005027771
88 2.113342094991822 0.06826794344186783 0.07726570129394532
89 2.1089471600134857 0.06862202662229538 0.16356368303298952
90 2.107549220963847 0.06656718969345093 0.0797569227218628
91 2.1087970649823546 0.06843284797668457 0.14800230026245118
92 2.104588990972843 0.06447001135349274 0.06502181649208069
93 2.110275682993233 0.06880475735664368 0.17656699180603028
94 2.106340412981808 0.06311607074737549 0.17043280124664306
95 2.1138569790055044 0.06736278015375137 0.13446646213531493
96 2.106586202979088 0.0682053166627884 0.10216049313545227
97 2.108921112958342 0.06908927029371262 0.10233677268028259
98 2.112149488006253 0.06828379189968109 0.15000372886657715
99 2.1061240159906447 0.06910754776000977 0.07006296873092652
100 2.102241665008478 0.030130566507577897 0.039256741404533384
101 2.1097511739935726 0.022285683900117873 0.02913758635520935
102 2.1087661050260067 0.030867757081985473 0.033336883187294004
103 2.106638411001768 0.03262349253892899 0.09537843823432922
104 2.1108379020006396 0.031208566784858702 0.08965983033180237
105 2.111722900008317 0.034637475818395616 0.0388057941198349
106 2.107111042016186 0.035294268250465395 0.044686557054519654
107 2.1140522790374234 0.03402760118246079 0.06749895334243775
108 2.103962424036581 0.03397979900240898 0.04531386017799378
109 2.109765700006392 0.034436482399702074 0.03962260723114014
110 2.1081577020231634 0.03568395256996155 0.09710444927215577
111 2.113453760975972 0.03519205617904663 0.05020890116691589
112 2.11009556602221 0.03497130462527275 0.05864262938499451
113 2.1066362960264087 0.02751042303442955 0.06914000511169434
114 2.103096147009637 0.03611182826757431 0.037295939922332766
115 2.105230264016427 0.034512648671865466 0.08954852819442749
116 2.116490349988453 0.03524854731559753 0.05339747786521912
117 2.10569142003078 0.03457166749238968 0.08656852960586547
118 2.107547002029605 0.03504754638671875 0.06936969995498657
119 2.1122306429897435 0.03232645666599274 0.047817503213882444
120 2.1085290979826823 0.035367130011320115 0.060638326406478885
121 2.108855941973161 0.035609324157238005 0.05526407837867737
122 2.10655719001079 0.034993327260017394 0.029403017759323122
123 2.103236302966252 0.032235415756702426 0.0288562536239624
124 2.0994060420198366 0.030229309946298598 0.0519533509016037
125 2.1013324430095963 0.020837198674678804 0.07981495499610901
126 2.1094414250110276 0.035776784896850586 0.06600930452346802
127 2.116029187978711 0.036599343597888946 0.08946789503097534
128 2.113414291990921 0.035572027534246445 0.03546738505363464
129 2.101487368985545 0.03551865950226784 0.03603618204593659
130 2.111401509027928 0.03522182932496071 0.0638583791255951
131 2.1038487320183776 0.035047765016555786 0.027581747174263
132 2.105268776998855 0.03149615782499313 0.06827453494071961
133 2.1067983629764058 0.037014390915632245 0.05578700661659241
134 2.110324406006839 0.03597790053486824 0.03889487147331238
135 2.10460994602181 0.035166011542081835 0.0629733145236969
136 2.1088877139845863 0.03475035899877548 0.09414413213729858
137 2.100945691985544 0.03603433752059936 0.03461298942565918
138 2.109322772012092 0.034338803172111514 0.04761693120002747
139 2.1126680719899014 0.03485837435722351 0.059696425199508664
140 2.1060416729887947 0.03594894278049469 0.06572752356529236
141 2.1033625719719566 0.03569705078005791 0.04540212690830231
142 2.0976346569950692 0.035318599969148635 0.04760898888111115
143 2.0993971200077794 0.03553086671233177 0.03155735611915588
144 2.105416132020764 0.030373301804065705 0.03474964082241058
145 2.101314558996819 0.019244787469506263 0.031077449321746827
146 2.107908007048536 0.01881672541797161 0.03376413941383362
147 2.116865764022805 0.03409459337592125 0.05833346843719482
148 2.102268832968548 0.036620721191167833 0.05836453080177307
149 2.097392056020908 0.03603986248373985 0.04084915518760681
150 2.108046797045972 0.03582129269838333 0.039933412075042723
151 2.105313084961381 0.03613181468844414 0.07621467113494873
152 2.107811010966543 0.032893628746271136 0.034267768263816833
153 2.106644371000584 0.019246274545788766 0.08792310118675233
154 2.1006655559758656 0.04158167201280594 0.05211002945899963
155 2.1082724410225637 0.029891315966844557 0.045040300488471983
156 2.098548768030014 0.036621062785387036 0.06504015445709228
157 2.1014567110105418 0.03622245556116104 0.05988538146018982
158 2.104244168032892 0.03469628310203552 0.03733650624752045
159 2.1118644020170905 0.03575969079136848 0.05926846623420715
160 2.0989799260278232 0.03419741863012314 0.056862980127334595
161 2.1082862300099805 0.02011801578104496 0.060884355306625365
162 2.105705810012296 0.029626791626214982 0.04298063635826111
163 2.1097146869869903 0.036876646190881726 0.07894756317138672
164 2.09862033999525 0.03600739216804504 0.028469828367233278
165 2.112545802956447 0.036417203605175016 0.09625397086143493
166 2.1084509060019627 0.0360330199599266 0.03185413897037506
167 2.10109370702412 0.0360678890645504 0.06470558524131775
168 2.1117277910234407 0.035279056906700135 0.0648919713497162
169 2.1055771260289475 0.032409072488546374 0.04207231938838959
170 2.1027798440190963 0.03319469845294953 0.05701467514038086
171 2.1013133639935404 0.03543410456180573 0.07362040281295776
172 2.109305591962766 0.03361673578619957 0.06533461809158325
173 2.106012300006114 0.03505548310279846 0.026549322605133055
174 2.0994822459761053 0.03209231895208359 0.03383009612560272
175 2.09977131098276 0.03535257905721664 0.051968206167221066
176 2.104225063987542 0.0353438720703125 0.05930559754371643
177 2.1052154829958454 0.022760924518108367 0.02424595147371292
178 2.1055931170121767 0.022425952032208443 0.04234050631523132
179 2.1061153810005635 0.0340983174443245 0.047154054045677185
180 2.109397752035875 0.035991409808397296 0.0409354966878891
181 2.110764990968164 0.03456952968239784 0.060844913721084595
182 2.1116562800016254 0.03564529323577881 0.05282429873943329
183 2.1038332189782523 0.030860244303941728 0.04492320477962494
184 2.1138049970031716 0.01690008196234703 0.024674229323863983
185 2.1088150019641034 0.017733625784516333 0.02434562414884567
186 2.1106608630507253 0.024067812040448187 0.0557586395740509
187 2.1094053059932776 0.03619643208384514 0.0986120879650116
188 2.106488809979055 0.02175984677672386 0.035152406692504884
189 2.1101498599746265 0.016726135939359666 0.03514096915721893
190 2.1030503300135024 0.033330800741910936 0.10284239530563355
191 2.0990665149874985 0.036791359543800355 0.08134847640991211
192 2.0961456209770404 0.025547776237130164 0.04367031693458557
193 2.096932904969435 0.03188861897587776 0.07162431836128234
194 2.100912806985434 0.03582154408097267 0.05934741258621216
195 2.1035927920020185 0.0370662938952446 0.04565078377723694
196 2.118025813018903 0.03687124633789062 0.07453531622886658
197 2.104885914013721 0.036077525556087495 0.056443591117858884
198 2.0991873179445975 0.0349601391851902 0.07799316048622132
199 2.096628866973333 0.036006272912025454 0.03559226155281067
200 2.0980965890339576 0.016345906808972358 0.035525257587432864
201 2.102045703039039 0.015188485279679299 0.02383015364408493
202 2.1053812950267456 0.015571669563651086 0.02308044284582138
203 2.1089435309986584 0.016568415388464926 0.037947105169296266
204 2.105955659004394 0.018304452493786812 0.02767598330974579
205 2.099505748017691 0.01691955403983593 0.034091566205024716
206 2.1079006160143763 0.014013294279575348 0.024194004535675048
207 2.104234027036 0.014374265477061271 0.04182206034660339
208 2.115760696993675 0.018725731015205384 0.02236044645309448
209 2.1093023309949785 0.016160633206367493 0.03327607691287995
210 2.1075140109751374 0.011451335817575455 0.031824436783790586
211 2.1109010520158336 0.011835898369550705 0.02362965762615204
212 2.1010457709780894 0.013721678465604781 0.03997095048427582
213 2.095243274990935 0.018587278231978418 0.028845887780189514
214 2.0974223390221596 0.019517162919044494 0.03542409658432007
215 2.1009927320410497 0.02008707931637764 0.02807490587234497
216 2.0999752059578896 0.015788547307252883 0.03192090809345245
217 2.107605936995242 0.018202543675899505 0.04146277666091919
218 2.103962416003924 0.019530523926019668 0.03387334823608398
219 2.1050207839580253 0.019327254563570023 0.043277188539505004
220 2.105210709036328 0.016626092463731767 0.02328768849372864
221 2.110673340037465 0.012510415121912956 0.035430675745010375
222 2.104498879984021 0.015273044526576995 0.035489150285720826
223 2.101828592014499 0.01952604277431965 0.04683978378772736
224 2.1012878409819677 0.01415292227268219 0.022859827876091005
225 2.1000656450050883 0.012920004382729531 0.025603250563144685
226 2.1086042640381493 0.011040630608797073 0.025148004591464997
227 2.111323873978108 0.019338309571146964 0.025857874155044556
228 2.1048698630183935 0.015608557492494584 0.025135047435760498
229 2.1078696010517888 0.011001224890351295 0.023762453496456146
230 2.1105087099713273 0.017875819623470308 0.03787693381309509
231 2.1164874240057543 0.020598347812891007 0.024543104767799376
232 2.1082057009916753 0.019740064650774002 0.06357753992080689
233 2.1008994940202683 0.015359760850667953 0.036172515153884886
234 2.1075597680173814 0.010600444167852401 0.022932236194610597
235 2.105259606963955 0.011613757595419884 0.0373897135257721
236 2.108399107994046 0.010673475623130799 0.03484513103961945
237 2.1064745649928227 0.01635342811048031 0.05116083204746246
238 2.1124787110020407 0.01623118430376053 0.047060840129852295
239 2.1097617060295306 0.0211419038772583 0.03332576453685761
240 2.102986874000635 0.019436274334788322 0.04915750503540039
241 2.109571248991415 0.020210916817188264 0.033029563426971435
242 2.1076791969826445 0.02070406252145767 0.03178532302379608
243 2.1022554369992577 0.019942101269960405 0.02084064334630966
244 2.1008022039895877 0.020188400745391844 0.03659386157989502
245 2.107117654988542 0.019881571620702743 0.02101292461156845
246 2.100352910987567 0.019303934812545775 0.028327820897102354
247 2.099320702953264 0.015147306397557259 0.02047294020652771
248 2.1051179619971663 0.010804535537958146 0.024672831594944
249 2.103217338968534 0.01595752251148224 0.02276668131351471
250 2.1033241789555177 0.018558788642287254 0.028892088532447815
251 2.103525562037248 0.019871011763811113 0.028817557692527772
252 2.0994277599966154 0.015816715210676194 0.021641395092010497
253 2.111904740042519 0.010999234184622765 0.023025868535041807
254 2.1092859630007297 0.019874736577272414 0.03093310058116913
255 2.10580298199784 0.019590103894472122 0.028264623880386353
256 2.1038526919437572 0.01914153465628624 0.051527865529060364
257 2.102901180041954 0.019053462475538255 0.02064513623714447
258 2.1017523930058815 0.01926957492530346 0.059737439155578616
259 2.1073279950069264 0.017533714950084687 0.02837582528591156
260 2.107744730950799 0.01895477710664272 0.043322091102600095
261 2.1177405660273507 0.01882099798321724 0.022919577062129975
262 2.1068036659853533 0.01867672222852707 0.04101729989051819
263 2.1020107060321607 0.01926842066645622 0.029349035024642943
264 2.1034838990308344 0.01903296211361885 0.03418718934059143
265 2.1016074999934062 0.01871691198647022 0.023625701069831848
266 2.1055444290395826 0.017822683081030844 0.022990604341030122
267 2.104724726988934 0.01820230183005333 0.019896884560585023
268 2.104614121024497 0.018317003890872003 0.032488029599189755
269 2.112891514028888 0.018259055748581887 0.021297474205493928
270 2.106285302026663 0.012097328215837479 0.028980820775032043
271 2.1139389169984497 0.013899243980646134 0.05708808064460755
272 2.1081932819797657 0.018799526423215866 0.025246037542819975
273 2.1146313900244422 0.018903206199407576 0.04354264855384827
274 2.107856293034274 0.017135221377015113 0.021517175436019897
275 2.105354400991928 0.011030869454145432 0.021177451610565185
276 2.104608185007237 0.012762306332588196 0.03204281806945801
277 2.1018781709717587 0.01916955026984215 0.06272197365760804
278 2.1025260299793445 0.01888292482495308 0.04623636245727539
279 2.1063835810055025 0.014031392455101013 0.04750836968421936
280 2.100035868003033 0.018796434313058854 0.024938057363033294
281 2.0987765850150026 0.011697642832994461 0.0302610844373703
282 2.105694786005188 0.017949116721749307 0.03907798230648041
283 2.1011660970398225 0.019447578743100165 0.020159712135791777
284 2.095818608009722 0.01863847118616104 0.05579776883125305
285 2.097297091037035 0.01836190891265869 0.033869851231575016
286 2.10699536500033 0.019640226781368255 0.0358953332901001
287 2.1012085249531083 0.018828646183013917 0.031541547179222106
288 2.100748105032835 0.012620788797736168 0.022296226918697357
289 2.1015088710119016 0.018630343660712242 0.021528826355934144
290 2.123004750988912 0.018308300957083704 0.026112874150276185
291 2.1059804059914313 0.018836406603455542 0.03253572046756745
292 2.1018589890445583 0.018217106580734253 0.03312542855739593
293 2.106359558994882 0.01843610754609108 0.02021004170179367
294 2.103068198019173 0.01736413358151913 0.026346049904823303
295 2.1022704849601723 0.017414411783218384 0.022169776856899262
296 2.1058449000120163 0.015078208312392235 0.019426443576812745
297 2.099778880015947 0.01343993766605854 0.02455155849456787
298 2.1065935929655097 0.010914658650755882 0.0306585156917572
299 2.1025665970519185 0.018627523452043535 0.031790781617164615
300 2.0999195180484094 0.01088828144967556 0.019816727340221406
301 2.106317066005431 0.008022768005728721 0.01965558886528015
302 2.1030277389800176 0.009278112396597862 0.019600133895874023
303 2.101976078003645 0.00906788419187069 0.027082304954528808
304 2.107325234974269 0.0096279668956995 0.021194185018539428
305 2.1037157319951802 0.0091070975959301 0.02126797169446945
306 2.1024841779726557 0.008206364870071411 0.01899378329515457
307 2.0966401130426675 0.008412674084305764 0.023624989092350005
308 2.1073760769795626 0.009925258859992027 0.019115082323551177
309 2.1079976620385423 0.00828852042555809 0.01919522762298584
310 2.1073007860104553 0.007746583789587021 0.018607942163944246
311 2.108488428988494 0.008876850590109826 0.021048300862312318
312 2.1197172479587607 0.00973246581852436 0.01827399879693985
313 2.1054828579653986 0.007912646800279617 0.020537877678871153
314 2.10883087804541 0.00783201590180397 0.017597484290599822
315 2.0992474160157144 0.008839149445295335 0.024275501668453218
316 2.1068420310039073 0.010168845891952515 0.018196619153022765
317 2.1015235030208714 0.007638800352811813 0.01780693620443344
318 2.1124744389671832 0.010046446651220321 0.02206794559955597
319 2.1084748919820413 0.010743028342723846 0.022987668216228486
320 2.123966343002394 0.009685244664549827 0.01769624650478363
321 2.109603271994274 0.007544162675738334 0.017994287610054015
322 2.109150630014483 0.007588598579168319 0.017669922113418578
323 2.1107167410082184 0.0077343366593122485 0.021374821960926056
324 2.1060243729734793 0.008657868534326553 0.017720556557178496
325 2.1078634989680722 0.007487796783447266 0.01764284372329712
326 2.110218505957164 0.007914378173649312 0.01725024163722992
327 2.101458993041888 0.008120986193418504 0.017754333019256593
328 2.106486312986817 0.010250152111053467 0.0197685170173645
329 2.1031365239759907 0.012664117589592934 0.01896438926458359
330 2.1016842509852722 0.012562854439020157 0.021374427378177643
331 2.1040495130000636 0.00836974786221981 0.019261968433856965
332 2.1085876500001177 0.012301621049642563 0.022005089521408082
333 2.107309323968366 0.010970829144120217 0.02117805778980255
334 2.0997491410234943 0.011228921100497245 0.01832639366388321
335 2.1010558329871856 0.008142561987042427 0.020504763424396513
336 2.1056494810036384 0.0081646394059062 0.02051019161939621
337 2.1038733099703677 0.00895390424132347 0.02071718543767929
338 2.105290076986421 0.012407537803053856 0.025664093792438506
339 2.1169238010188565 0.011643510073423386 0.02054122507572174
340 2.0984924209769815 0.011568299114704132 0.018852929174900054
341 2.102101234951988 0.007921596050262452 0.01969530910253525
342 2.1012669290066697 0.007616369187831879 0.018028733134269715
343 2.1145422179833986 0.00898102229833603 0.01736683338880539
344 2.1035393929923885 0.012265586376190185 0.022440374791622163
345 2.1031545950099826 0.010708988264203072 0.019853379726409912
346 2.1109278720105067 0.011301437854766845 0.01975966662168503
347 2.103673564037308 0.011328747451305389 0.02194448471069336
348 2.1057300429674797 0.010877176314592361 0.020490320920944213
349 2.105489093984943 0.010040787518024445 0.01902577817440033
350 2.1122408129740506 0.008380450591444969 0.021023184657096863
351 2.100844821019564 0.011241582617163659 0.02227074235677719
352 2.0989822460105643 0.010935442358255386 0.020711400210857392
353 2.099251998006366 0.010816725313663483 0.024590071439743042
354 2.1063732730108313 0.009740742862224578 0.017863873541355133
355 2.102739305002615 0.007543820723891258 0.017747752964496613
356 2.1031113429926336 0.009145934522151946 0.023157633543014526
357 2.1086865489487536 0.011893406182527542 0.020335264801979065
358 2.1033773240051232 0.00894451731443405 0.017669778764247895
359 2.1004465359728783 0.00767011496424675 0.01707411676645279
360 2.1034304299973883 0.009216915562748909 0.020724300742149353
361 2.1020790350157768 0.011478709101676941 0.020615713596343996
362 2.1025093190255575 0.010173887014389038 0.02101628214120865
363 2.1062178339925595 0.007277759835124016 0.016887257397174834
364 2.108956844022032 0.00751587051153183 0.017502918541431427
365 2.105933509999886 0.010532157950103283 0.017724848687648773
366 2.0989377640071325 0.007166965395212174 0.0175010547041893
367 2.1087517060223036 0.00793589599430561 0.0187505304813385
368 2.113277738040779 0.008771082162857055 0.02211750090122223
369 2.1057431279914454 0.011785806640982627 0.02895247280597687
370 2.101069983036723 0.011546243473887444 0.01692171096801758
371 2.0999455209821463 0.010612031020224094 0.016599049866199492
372 2.1059756689937785 0.007634367316961288 0.016786990463733675
373 2.101857601024676 0.0077096476331353185 0.01653574287891388
374 2.1114884190028533 0.007327566005289555 0.016863332986831667
375 2.109864422993269 0.0072245608046650886 0.01701634079217911
376 2.0995370449963957 0.010188101768493652 0.019147545099258423
377 2.103212747955695 0.012421843647956848 0.02021665930747986
378 2.1158559070318006 0.012002057328820228 0.018189635276794434
379 2.1113888670224696 0.011406393021345138 0.02472704291343689
380 2.0975288059562445 0.01154554295539856 0.02223959982395172
381 2.103380812040996 0.011364299789071082 0.019290400743484495
382 2.0997934460174292 0.01098610906302929 0.019337537586688994
383 2.10704854602227 0.010462103068828582 0.019343241453170776
384 2.1094430059893057 0.010808942466974258 0.023397560119628905
385 2.108457764959894 0.010908243834972381 0.017868788540363313
386 2.109693075006362 0.006955995917320251 0.016172524094581604
387 2.1018525550025515 0.007672265127301216 0.016783525049686433
388 2.1044632109696977 0.008848412364721298 0.018206553161144258
389 2.1152426970074885 0.007911011852324009 0.017694658041000365
390 2.103074409009423 0.007200760267674923 0.016474453806877135
391 2.1095714529510587 0.007538536861538887 0.017662129700183868
392 2.1078362709959038 0.008378284737467765 0.016431118845939636
393 2.1082071110140532 0.011295974127948284 0.02582813024520874
394 2.109490917006042 0.007874971799552441 0.017259711921215056
395 2.1037161640124395 0.007424891479313373 0.017131101191043854
396 2.113986140990164 0.007108169786632061 0.016492224633693695
397 2.1031756539596245 0.007033033058047295 0.016565221846103668
398 2.10338592302287 0.006844839006662369 0.01615843713283539
399 2.1011309880414046 0.00926403996348381 0.02229899972677231
400 2.1039533249568194 0.007447371780872345 0.016162517070770262
401 2.1096583130420186 0.00623406183719635 0.01617708295583725
402 2.1086844629608095 0.006070021234452725 0.015947502553462983
403 2.108590596995782 0.006386441491544247 0.016104268729686736
404 2.115505201043561 0.006157852157950401 0.016269536912441252
405 2.111501313978806 0.006518723048269749 0.016132527589797975
406 2.1046705109765753 0.006429403811693191 0.01737983465194702
407 2.110202464973554 0.006118424512445927 0.01589492440223694
408 2.1154805019614287 0.006140333525836468 0.01622909128665924
409 2.1089956049690954 0.006188388928771019 0.016374654471874237
410 2.1084725209511817 0.0069722959026694295 0.017054226100444794
411 2.109838848002255 0.006201992206275463 0.01585252195596695
412 2.1013470749603584 0.006672299034893513 0.0167396143078804
413 2.1082855090498924 0.006682306006550789 0.01582890272140503
414 2.1049710299703293 0.006181555710732937 0.015788723826408387
415 2.1089141740230843 0.006770706571638584 0.01673096925020218
416 2.1023108899826184 0.006825507439672947 0.01634837418794632
417 2.10032022499945 0.006211724914610386 0.016028000116348265
418 2.1104396980372258 0.006220273055136204 0.016704525351524353
419 2.1114803529926576 0.007545883938670159 0.015646015107631684
420 2.1021459940238856 0.007777356892824173 0.016608697772026063
421 2.1020624969969504 0.007378192491829395 0.01694731682538986
422 2.1015317650162615 0.006755603343248367 0.01616919755935669
423 2.100188762997277 0.007034897916018963 0.015514839589595795
424 2.1038051289506257 0.007296933464705944 0.016482827067375184
425 2.1122786630294286 0.005948965094983578 0.015888118147850037
426 2.103404239984229 0.006151625871658325 0.015829133987426757
427 2.107221223996021 0.006367516256868839 0.01856503129005432
428 2.111605286016129 0.007199381068348884 0.017871786057949066
429 2.0976108639733866 0.007662298709154129 0.018205238878726958
430 2.100106568017509 0.0065078182741999625 0.015625930726528167
431 2.106357329990715 0.0061334695219993594 0.016142118871212006
432 2.1094242430408485 0.006370146729052067 0.015884633660316467
433 2.1113053240114823 0.006993460178375244 0.017481941282749176
434 2.0986378510133363 0.007708905823528766 0.01702040582895279
435 2.1098801600164734 0.006344760045409203 0.015811189115047454
436 2.10164337704191 0.006102508053183555 0.015830805897712706
437 2.10544990003109 0.006221133232116699 0.015595839619636535
438 2.1023822620045394 0.006162532620131969 0.017937559485435486
439 2.1035863229772076 0.0067712367251515386 0.01689561575651169
440 2.108221077010967 0.006639920644462108 0.015751118957996368
441 2.1052830439875834 0.006106544949114323 0.01576110303401947
442 2.1062966589815915 0.006479905918240547 0.016441915929317475
443 2.1097060940228403 0.006823848403990269 0.015590599477291108
444 2.1041148109943606 0.00786256194114685 0.016434552669525145
445 2.1055484419921413 0.006159594610333443 0.01615322142839432
446 2.103091716999188 0.006274031288921833 0.015649247467517852
447 2.1072334570344537 0.0058875584229826925 0.01601780891418457
448 2.104233319987543 0.00734366587549448 0.018555607795715332
449 2.09576025698334 0.007386184059083462 0.01728690892457962
450 2.1127415710361674 0.006715973600745201 0.015375630557537079
451 2.104661637044046 0.0059816397204995155 0.015410283505916595
452 2.1022118070395663 0.006128718361258507 0.0153000408411026
453 2.1025922750122845 0.005850637719035149 0.015320245027542114
454 2.1033484910149127 0.005943561114370823 0.015534188747406006
455 2.1064961010124534 0.005885449290275574 0.015974336564540864
456 2.118963635992259 0.005951763190329075 0.017322042882442476
457 2.1019879810046405 0.006220411024987698 0.015619929730892181
458 2.108562769019045 0.006566934540867805 0.015753533840179443
459 2.1030830810195766 0.0074464578554034235 0.015328886508941651
460 2.099143586005084 0.006392159081995487 0.015155581533908844
461 2.0984010190004483 0.006355097427964211 0.01599006772041321
462 2.1067158009973355 0.005815871760249138 0.016381525099277497
463 2.1037172980140895 0.006213568076491356 0.015055269300937653
464 2.1112365589942783 0.005986766785383225 0.01544520616531372
465 2.108643332030624 0.0064102991595864295 0.018461115956306458
466 2.1097223529941402 0.00676730065792799 0.01555415689945221
467 2.100962063006591 0.008357779256999492 0.021482834815979002
468 2.101588163000997 0.007281957395374775 0.015594191253185272
469 2.100147699005902 0.006665356509387493 0.015447250604629516
470 2.1009505160036497 0.007189534828066826 0.015889791250228883
471 2.1087806719588116 0.007507124781608581 0.015622324645519256
472 2.1004041899577715 0.006756736166775227 0.01527967631816864
473 2.1054765309672803 0.005890992112457753 0.015467765033245087
474 2.105847723025363 0.006966199569404126 0.0179753702878952
475 2.0992322620004416 0.006922055006027222 0.01566998690366745
476 2.106944735045545 0.006014509238302708 0.01504464566707611
477 2.0983079450088553 0.0059957848563790325 0.016282350420951844
478 2.103973212011624 0.006110100947320461 0.017160508930683136
479 2.1161554580321535 0.005954524844884872 0.01518740713596344
480 2.1039432440302335 0.006126846671104431 0.015213273763656616
481 2.107248146960046 0.007587434895336628 0.015205999016761779
482 2.1075223539955914 0.007545555405318737 0.01626967519521713
483 2.110080266953446 0.006023033112287521 0.01620527595281601
484 2.1061672099749558 0.005879295960068703 0.0167086860537529
485 2.1074933909694664 0.005849862158298492 0.014967480301856994
486 2.107424237008672 0.007345285594463348 0.01572787791490555
487 2.1002367199980654 0.005983534775674343 0.014971205592155456
488 2.0950588380219415 0.006096266336739063 0.015971803665161134
489 2.099103676970117 0.0068062861859798434 0.01905138611793518
490 2.1014139769831672 0.007737781621515751 0.015705687403678895
491 2.1010923460125923 0.006720122061669827 0.015166832506656647
492 2.104628755012527 0.005787272222340107 0.015757614970207213
493 2.107172015996184 0.0057941808700561525 0.014964668452739716
494 2.1094032549881376 0.005656254395842552 0.015528161525726319
495 2.1058177440427244 0.005680457815527916 0.01548977255821228
496 2.108923674968537 0.007252755291759968 0.017372284829616547
497 2.100986047007609 0.007888525381684303 0.015032816529273987
498 2.1022074760403484 0.006547710500657559 0.02001934140920639
499 2.099648123024963 0.005936463586986065 0.015637318789958953
500 2.1099278450128622 0.005449401773512363 0.015765990614891052
501 2.1046213840018027 0.005575969442725181 0.014898616969585419
502 2.111571607994847 0.0054092989489436145 0.01491745799779892
503 2.113413518993184 0.005315404571592808 0.014838966727256774
504 2.0961616160348058 0.005420836865901947 0.015764178931713103
505 2.104621058970224 0.005392915315926075 0.015046199262142181
506 2.102374575973954 0.0055313464924693105 0.015865318477153778
507 2.102131221035961 0.0053880194127559665 0.015116607546806335
508 2.1017968310043216 0.00531904199719429 0.01493801474571228
509 2.0999108650139533 0.0053004462122917175 0.01663601577281952
510 2.1126887050340883 0.005419083587825299 0.014911499917507171
511 2.105256626033224 0.005474187426269054 0.016982277631759645
512 2.1079932450084016 0.005693540953099728 0.01625743180513382
513 2.1026956840069033 0.005462926506996155 0.016268464624881743
514 2.112805432989262 0.005440887674689293 0.014969223737716674
515 2.1074336789897643 0.005377152785658836 0.014806488752365113
516 2.102661920012906 0.005334517069160939 0.01601244807243347
517 2.1098124510026537 0.005528940051794052 0.015229921340942382
518 2.0990229140152223 0.00532093995064497 0.015285157859325408
519 2.106597342994064 0.005381474323570728 0.015107243657112121
520 2.106472029001452 0.0053306052163243295 0.015132167935371399
521 2.1005348609760404 0.005269076265394687 0.014938476383686066
522 2.1062099190312438 0.0053645698577165606 0.014741684198379517
523 2.1075263579841703 0.005476464286446572 0.015456037521362305
524 2.1040266740019433 0.005600446246564388 0.015931180715560912
525 2.1126409139833413 0.005504784919321537 0.015105229020118714
526 2.097813094034791 0.0053210221901535985 0.01518582671880722
527 2.104701670992654 0.005566660739481449 0.016217392086982727
528 2.1058685280149803 0.005571231178939343 0.01552071750164032
529 2.101539868977852 0.005641901031136513 0.014861926138401031
530 2.104901004990097 0.005343972675502301 0.015135941505432128
531 2.1086859170463867 0.005360700212419033 0.015161365568637848
532 2.0999338650144637 0.005376891769468785 0.014925736486911773
533 2.109362173010595 0.00541193887591362 0.017577439844608307
534 2.1035185010405257 0.0054501574859023095 0.01470602810382843
535 2.1095964970299974 0.005370137937366962 0.014718397557735442
536 2.106380665965844 0.0053550065606832505 0.014893099665641785
537 2.1059547750046477 0.005553151905536652 0.01501672387123108
538 2.1059659880120307 0.005338703863322735 0.014690731167793274
539 2.097886967996601 0.005803449302911759 0.014969790279865265
540 2.1006007269606926 0.0055262018814682965 0.015087103545665741
541 2.1039253500057384 0.005366260588169098 0.017983732521533968
542 2.10602852597367 0.005884864374995232 0.014765908420085906
543 2.107344455027487 0.005558455266058445 0.014706774055957795
544 2.1100315950461663 0.00548157174885273 0.014850452542304993
545 2.1025068199960515 0.005236451342701912 0.01485034555196762
546 2.1049909759894945 0.005436124175786972 0.014810089766979218
547 2.113677305984311 0.005629430823028088 0.016580094993114473
548 2.11210755398497 0.005443900495767593 0.014567712247371674
549 2.0976536580128595 0.005334527812898159 0.015299084782600402
550 2.1000855559832416 0.005820902362465859 0.016688207089900972
551 2.108763242023997 0.005342091850936413 0.01512528896331787
552 2.1166030630120076 0.0055123652964830395 0.01526025027036667
553 2.1015640500118025 0.005272642202675343 0.014725562036037445
554 2.1064423639909364 0.005262034207582473 0.01512749433517456
555 2.103358695982024 0.005267944686114788 0.014705730378627777
556 2.110431525972672 0.00542017574608326 0.014765400886535645
557 2.1001397669897415 0.005412661671638489 0.015796815752983095
558 2.1005811930517666 0.005298753134906292 0.014531965553760528
559 2.1017644300009124 0.00541370440274477 0.014799557626247406
560 2.104392309964169 0.005323118895292282 0.014823122024536133
561 2.1013081940473057 0.005202086880803108 0.01486752688884735
562 2.107197964040097 0.005395287968218326 0.014802460074424744
563 2.111189363989979 0.005324681788682938 0.01525238275527954
564 2.1053482409915887 0.00527351076900959 0.014865396320819855
565 2.1054031810490415 0.0054291245862841606 0.01506845086812973
566 2.1014696120400913 0.005311580188572407 0.01507689505815506
567 2.100213101017289 0.0052661776393651966 0.014902048408985138
568 2.1020152310375124 0.005438558325171471 0.01445952832698822
569 2.105931883037556 0.005784661516547203 0.014672928154468537
570 2.111989579978399 0.005416326627135277 0.016695493161678315
571 2.0988269659574144 0.005304484933614731 0.014599474668502808
572 2.103067983989604 0.005609528608620167 0.015269118547439575
573 2.099011657992378 0.005182660669088363 0.016668151021003722
574 2.098041174991522 0.005287437722086907 0.014988990128040313
575 2.0987088109832257 0.0052536150366067885 0.015804210901260374
576 2.1102458130335435 0.0052881607711315155 0.01438269168138504
577 2.1104216229869053 0.005443974047899246 0.01475627452135086
578 2.114472014014609 0.005291213884949684 0.014491277933120727
579 2.110397096024826 0.005634439937770366 0.016705518662929533
580 2.101045069983229 0.0056067703887820244 0.014486274123191834
581 2.097520313982386 0.005423485636711121 0.01439158946275711
582 2.10437027097214 0.00564991969615221 0.015824914872646333
583 2.1017864950117655 0.005287733800709247 0.015046615302562714
584 2.1005561460042372 0.005416706413030625 0.015001421272754669
585 2.1034662020392716 0.005135194145143032 0.01588784396648407
586 2.0990620180382393 0.005396334514021874 0.014558353424072266
587 2.0987323130248114 0.0059950963631272315 0.014667452573776244
588 2.100551664014347 0.005421444468200207 0.015758010745048522
589 2.1041260350029916 0.005162351071834564 0.014441556334495544
590 2.105876794026699 0.005210272818803787 0.014512753784656525
591 2.1000091360183433 0.005113630272448063 0.014936192035675049
592 2.09725495002931 0.005067779019474983 0.014912820756435394
593 2.0986316130147316 0.005106549866497516 0.014672102928161622
594 2.099101669038646 0.005484494678676129 0.015026750266551972
595 2.1133941959706135 0.005122265189886093 0.014934247136116028
596 2.102860770013649 0.005448877096176147 0.014936822056770325
597 2.103923164017033 0.0051263229176402095 0.014375871121883392
598 2.103213833004702 0.005176239460706711 0.016393902897834777
599 2.1047728300327435 0.005294152520596981 0.014919337332248688
600 2.110995708964765 0.0050154105126857754 0.015356236398220062
601 2.1063896539853886 0.005109521225094795 0.014394870698451996
602 2.0994988460442983 0.004994498364627361 0.014792120158672333
603 2.1058525439584628 0.004993122473359108 0.014210109114646912
604 2.100758054992184 0.004989383406937122 0.014732514321804047
605 2.0951413229922764 0.0049752179235219955 0.014952930510044099
606 2.107506258005742 0.005020805679261685 0.014429090023040771
607 2.1046305570052937 0.0050273919031023975 0.01449761062860489
608 2.1092858989723027 0.004958048865199089 0.014627763628959655
609 2.1015335459960625 0.004954410046339035 0.015146647989749908
610 2.1102217549923807 0.00498259973526001 0.014626589715480804
611 2.105030433041975 0.004947259776294231 0.01463485300540924
612 2.0973771879798733 0.005001528024673462 0.014578994810581208
613 2.101529990963172 0.005045603848993778 0.01456796497106552
614 2.1031091819750145 0.005275031633675099 0.014412704110145568
615 2.101387951988727 0.0050117004960775376 0.014336742162704467
616 2.1007054690271616 0.005010181985795498 0.014703919887542724
617 2.1001095509855077 0.004939435668289661 0.014350363910198212
618 2.1022764290100895 0.004960711345076561 0.014689490795135499
619 2.105967643961776 0.0049576276242733 0.01468028724193573
620 2.1071862439857796 0.004919427573680878 0.01480121523141861
621 2.1012287019984797 0.004941491410136223 0.014267860949039458
622 2.098631981003564 0.005008784092962742 0.014234921336174012
623 2.1068701799958944 0.005005881808698177 0.015060337483882904
624 2.1021269360207953 0.004978426918387413 0.01490011602640152
625 2.097378734033555 0.005094387792050839 0.014732895493507385
626 2.108633933996316 0.004976236678659916 0.014398903846740722
627 2.1026294479961507 0.005024601384997368 0.014445334076881408
628 2.1043327219667844 0.005055237531661988 0.015287486314773559
629 2.106488340010401 0.004979501083493233 0.014437201023101807
630 2.098708142002579 0.004934718951582908 0.014365763962268829
631 2.1185183660127223 0.005089995913207531 0.014833447635173797
632 2.109215217002202 0.005127260759472847 0.014588543772697448
633 2.10621686297236 0.004943296536803246 0.015490415692329406
634 2.1060655449982733 0.005002301163971424 0.015486153066158295
635 2.1042967200046405 0.005097110442817211 0.015337307751178742
636 2.1074049540329725 0.004991286151111126 0.015041994154453278
637 2.1059433600166813 0.00499760227650404 0.014445027709007264
638 2.1130562140024267 0.0049468944668769835 0.014988220632076263
639 2.1164881139993668 0.004945280089974404 0.01412695974111557
640 2.1042496809968725 0.004968640677630901 0.01555567741394043
641 2.0979223789763637 0.004930696919560432 0.014970006048679351
642 2.106995776994154 0.005045756891369819 0.014547300934791564
643 2.109289710992016 0.005178506955504417 0.01478837251663208
644 2.107060784997884 0.004906479761004448 0.014457945227622986
645 2.109814172028564 0.005051659777760505 0.015097365379333497
646 2.1009341120370664 0.004946005262434483 0.014319733083248139
647 2.103298405010719 0.005086109504103661 0.015148217976093292
648 2.1015997729846276 0.004955742351710797 0.01456446349620819
649 2.105637267988641 0.005021335355937481 0.015337362587451935
650 2.104717136011459 0.005012497052550316 0.01440745234489441
651 2.1075753060285933 0.004912003912031651 0.014646416902542115
652 2.1027920250198804 0.004942753732204437 0.014368167221546173
653 2.103262229997199 0.005006518371403217 0.014505507051944732
654 2.098703868978191 0.004897618651390076 0.01521248310804367
655 2.1086841209908016 0.004914060041308403 0.014879343807697296
656 2.1012264319579117 0.004978761032223701 0.014824837446212769
657 2.101375373022165 0.004897247143089771 0.015232176780700683
658 2.101960904954467 0.004882874250411987 0.014329939782619476
659 2.111982547037769 0.004936775073409081 0.014868146479129792
660 2.1039240299724042 0.0049209253191947935 0.014696750938892365
661 2.1057060179882683 0.00495666179805994 0.014352928698062897
662 2.117137653985992 0.005005737163126469 0.014400742053985595
663 2.1128039899631403 0.004909945458173752 0.01478298932313919
664 2.1081055580289103 0.0048896965980529785 0.014457268714904785
665 2.102349724038504 0.004879288099706173 0.014478779137134553
666 2.1039515789598227 0.0049321622997522355 0.014403839707374572
667 2.112535965978168 0.004889217741787434 0.014186512231826782
668 2.0974975199787878 0.004904677510261536 0.01431308090686798
669 2.0986720889923163 0.004901636376976967 0.014777920842170715
670 2.0981082170037553 0.0050379523560404775 0.01432128131389618
671 2.0981327129993588 0.005019768059253692 0.014784592986106872
672 2.099708224006463 0.004985603153705597 0.01497397482395172
673 2.1024022179772146 0.004980237469077111 0.014210359156131745
674 2.1053594860131852 0.005015921846032142 0.015537947714328766
675 2.1056172410026193 0.005017950430512428 0.014700277447700501
676 2.100698391033802 0.004917276382446289 0.014295224845409394
677 2.1059403810068034 0.0049020244106650354 0.014733913838863372
678 2.1043071119929664 0.004974952273070812 0.014294613599777222
679 2.107402869965881 0.004897447377443314 0.014566001594066619
680 2.1067796160350554 0.004869444966316223 0.014786157608032226
681 2.1044484740123153 0.004869403846561909 0.014337454438209534
682 2.1043577939854003 0.004959910050034523 0.01431090235710144
683 2.098905681981705 0.004915415674448013 0.014731667935848236
684 2.0987041529733688 0.004976381406188011 0.014834323525428772
685 2.1005509570240974 0.004857645027339459 0.014461379945278168
686 2.108872213982977 0.00489073058962822 0.01545623242855072
687 2.1012779259472154 0.005031219884753227 0.014019559919834137
688 2.1135876799817197 0.004909106999635696 0.014612627327442168
689 2.0961255289730616 0.004850473389029503 0.014232823550701141
690 2.105932321981527 0.004865937225520611 0.01425359845161438
691 2.107758953003213 0.004856235675513744 0.014358213841915131
692 2.1099312970181927 0.004863905020058155 0.014920631349086761
693 2.1004847360309213 0.004913185149431228 0.013943772614002228
694 2.1070759309805 0.005015839375555515 0.015128125548362731
695 2.1066563240019605 0.004871324047446251 0.014483140707015991
696 2.1055003780056722 0.00493153789639473 0.014538166224956512
697 2.108536167012062 0.004909041717648506 0.014391641318798064
698 2.10875421599485 0.004889311224222183 0.014289838671684265
699 2.101966295973398 0.004878286443650723 0.014642029702663421
700 2.104631789959967 0.004760013312101364 0.014792284965515136
701 2.1042354480014183 0.004757320478558541 0.014601170420646667
702 2.105678446998354 0.0048151883184909825 0.015118958950042725
703 2.111496160039678 0.004800019517540932 0.014631311297416688
704 2.108582052984275 0.004787730187177658 0.014578819572925568
705 2.1184960130485706 0.004748705305159092 0.014101477265357971
706 2.112925091991201 0.004848452866077423 0.01461773544549942
707 2.107465153967496 0.004796754159033298 0.014324802458286285
708 2.102519834006671 0.004762306571006775 0.014359980821609497
709 2.1007207819493487 0.00475872927159071 0.014622150361537934
710 2.1026070850202814 0.00479556617885828 0.014588927030563354
711 2.111298247007653 0.004754987962543964 0.014479886591434479
712 2.107888485013973 0.004812280528247357 0.01464786022901535
713 2.1068429540027864 0.004847335360944271 0.014621184170246125
714 2.107108026975766 0.004752612829208374 0.01428006112575531
715 2.1069709499715827 0.004827379360795021 0.014731301367282868
716 2.100713983993046 0.004760411441326141 0.014667703807353973
717 2.0978659510146827 0.004755969740450382 0.01445176899433136
718 2.10758570197504 0.004832791462540627 0.014213270843029022
719 2.1051730680046603 0.0048124056085944176 0.014493109285831451
720 2.1028157050022855 0.004758641742169857 0.014386581778526307
721 2.1090434519574046 0.004762127056717872 0.014448363482952118
722 2.107168324990198 0.004753122478723526 0.014308860898017884
723 2.1030966679682024 0.004828194968402386 0.014888797104358673
724 2.1091248270240612 0.004814394772052765 0.014725182354450226
725 2.1090076750260778 0.004764892540872097 0.014747884273529053
726 2.106143268989399 0.004753582082688808 0.014238492846488952
727 2.122567132988479 0.004748838678002357 0.014579202532768249
728 2.1038468859624118 0.004731234975159169 0.014649483859539032
729 2.102676967973821 0.004749180406332016 0.014672517776489258
730 2.099608502991032 0.0048163079693913455 0.014216697812080382
731 2.110179186973255 0.004736804768443108 0.014511224329471589
732 2.1048134230077267 0.004757632113993168 0.014657832086086273
733 2.1035234539886005 0.004782286934554577 0.014924092292785645
734 2.1078778370283544 0.004764794275164604 0.014677927792072297
735 2.1029539779992774 0.004759748980402947 0.014046847522258758
736 2.1079564170213416 0.004784864000976085 0.014282978773117065
737 2.1082175630144775 0.0047643155679106715 0.014760364890098571
738 2.1231981749879196 0.004839705750346184 0.014349249303340911
739 2.09944534098031 0.004787959508597851 0.014003873765468598
740 2.1059319080086425 0.0047831316739320754 0.014465475976467133
741 2.111104017996695 0.00475931267440319 0.014501237869262695
742 2.1031035920022987 0.004778935022652149 0.015279802978038787
743 2.098274228977971 0.004811557166278362 0.01442475527524948
744 2.1115939340088516 0.0047301663160324095 0.014479121863842011
745 2.1035548180225305 0.004837804891169071 0.014058957993984222
746 2.1100228289724328 0.004796246819198132 0.014011933803558349
747 2.112495811015833 0.004770911999046803 0.014593425691127777
748 2.1115771559998393 0.004812846794724464 0.014678953289985657
749 2.1083006920525804 0.004717058546841145 0.014703026115894318
750 2.107759343984071 0.004735894300043583 0.014748867452144623
751 2.1009104570257477 0.004735720746219158 0.014308852553367614
752 2.1009246279718354 0.0047233479022979735 0.014013369083404541
753 2.1112272610189393 0.00477812521904707 0.014644100368022918
754 2.104572244978044 0.00478504242002964 0.014432177841663361
755 2.104229894990567 0.004851965636014938 0.014580853581428528
756 2.1024255260126665 0.004813829749822617 0.014171318709850311
757 2.108780567010399 0.004721159510314464 0.014460015594959259
758 2.1077521429979242 0.004720157831907272 0.014467427730560303
759 2.265010600036476 0.0047303146794438365 0.014262934029102326
760 2.1077022529789247 0.004712203845381737 0.014144705533981323
761 2.1048771180212498 0.004734225802123546 0.014344125986099243
762 2.109714714984875 0.004788423784077168 0.01433041900396347
763 2.1061613210476935 0.004752805650234222 0.014567618370056152
764 2.101599380024709 0.004753610230982304 0.015043846368789672
765 2.1009730790392496 0.00476193368434906 0.014394041299819946
766 2.107375673018396 0.004705777548253536 0.014307234883308411
767 2.101343377958983 0.004747351303696632 0.014069124162197112
768 2.1026977229630575 0.004734762705862522 0.01403461754322052
769 2.1016163519816473 0.004734014570713044 0.01437569260597229
770 2.09690964902984 0.004768952466547489 0.014161701798439025
771 2.0978118459461257 0.004710548408329487 0.014454668462276459
772 2.099994951975532 0.0047554816529154775 0.014836804568767547
773 2.098599457007367 0.004758584216237068 0.014790586531162261
774 2.1001752309966832 0.004720733895897865 0.014388244450092316
775 2.095869227021467 0.004715220011770725 0.014552585184574127
776 2.0990577779593877 0.004739539921283722 0.01402996301651001
777 2.0994231639779173 0.004754256524145603 0.014209595620632171
778 2.104794362967368 0.004749268047511577 0.014560655355453492
779 2.1073367499629967 0.004792298294603824 0.014452234506607056
780 2.1079375519766472 0.004789562150835991 0.014592065513134002
781 2.128285890968982 0.004738701172173023 0.01413180559873581
782 2.113797814003192 0.004744609273970127 0.014765470623970031
783 2.10602166200988 0.004733567722141742 0.01420255184173584
784 2.0987128819688223 0.004704405583441257 0.014392541348934173
785 2.105443401960656 0.00469969379901886 0.014654954373836517
786 2.113825694017578 0.004722072876989842 0.014238555729389191
787 2.103561818948947 0.0047072448655962945 0.014219833016395568
788 2.107802891987376 0.004768870368599892 0.014197599291801453
789 2.1117556120152585 0.0047167156934738155 0.014597150683403014
790 2.101477250980679 0.004692182347178459 0.014262192249298096
791 2.106844217982143 0.004724972032010556 0.014924902617931366
792 2.106262950983364 0.004720087803900242 0.014227226972579957
793 2.101372757984791 0.004735289297997951 0.013952458798885346
794 2.1147830529953353 0.00473509393632412 0.014429497420787812
795 2.102866269997321 0.004702953346073627 0.014261695444583894
796 2.109441742999479 0.004713462710380555 0.014840178489685059
797 2.10442177898949 0.004839728102087975 0.015189073085784911
798 2.0985564030124806 0.004741038970649243 0.015042627155780792
799 2.1016645819763653 0.004740923166275024 0.014930860698223114
800 2.1026562029728666 0.004684591472148896 0.014420001208782196
801 2.106089473993052 0.004679599553346634 0.014414510130882264
802 2.0985693659749813 0.004651983007788658 0.014061392843723297
803 2.097795006004162 0.004667033091187477 0.014480147361755371
804 2.0979287259979174 0.0046628742665052415 0.014548569321632385
805 2.1014706210116856 0.0046683671176433565 0.014626601040363311
806 2.105461294995621 0.004660056091845035 0.01441103994846344
807 2.107053902989719 0.004661360129714012 0.014422580003738403
808 2.101708227011841 0.004664652645587921 0.014130593836307525
809 2.102126573037822 0.004659577786922455 0.014593184590339661
810 2.1082413300173357 0.004657564029097557 0.014398146271705627
811 2.104869853006676 0.00465505762398243 0.014519226849079131
812 2.101076112012379 0.004657854914665222 0.014604730010032653
813 2.102669823972974 0.004689348876476288 0.014269455969333648
814 2.1012165540014394 0.00467005305737257 0.01439067631959915
815 2.0958688420359977 0.004684619434177875 0.014344099164009094
816 2.1007173050311394 0.0046595966815948485 0.014588347971439361
817 2.0994470409932546 0.004654242515563965 0.014320398271083832
818 2.0979546229937114 0.004653632581233978 0.014702688753604889
819 2.10862117796205 0.004654746405780315 0.014369739294052124
820 2.1029784589773044 0.004649894796311855 0.014360364973545075
821 2.1008125240332447 0.004649182856082916 0.01418312132358551
822 2.0991844050004147 0.004679710477590561 0.014234426319599152
823 2.1061271840007976 0.004667850747704506 0.01413346529006958
824 2.1020520969759673 0.004664841763675213 0.014500177800655364
825 2.0993030259851366 0.004679483368992806 0.01423589587211609
826 2.095718452008441 0.004659271940588951 0.014630643427371979
827 2.100986239966005 0.004656465224921703 0.01415732741355896
828 2.0987946150125936 0.004651969641447067 0.014575105905532838
829 2.102223989961203 0.004677195176482201 0.014681232869625091
830 2.1106697189970873 0.004654635556042195 0.014560587406158447
831 2.100782119028736 0.004655374474823475 0.01463454931974411
832 2.1043238129932433 0.00470719388127327 0.014623580574989319
833 2.1008396049728617 0.004654440045356751 0.014551852643489838
834 2.101832330983598 0.004652966387569905 0.0141426220536232
835 2.099362271022983 0.0046560242250561715 0.01401629090309143
836 2.1016741230268963 0.004656287550926209 0.014127711057662964
837 2.101524845988024 0.004684223778545857 0.01404438853263855
838 2.102093804976903 0.004666861236095428 0.014072117805480957
839 2.100531032017898 0.004654030874371528 0.01461656242609024
840 2.0979312530253083 0.004667158581316471 0.014215098023414611
841 2.0975861490005627 0.004638535089790821 0.014061849415302276
842 2.1080489499727264 0.004692388959228993 0.014215640127658843
843 2.107063797011506 0.004639043793082237 0.01436053067445755
844 2.116813532949891 0.004673609048128128 0.014647216796875
845 2.1054414130048826 0.0046654451414942745 0.014309720695018768
846 2.1017911339877173 0.004640565969049931 0.014460590183734894
847 2.103574740991462 0.004665178433060646 0.014116140007972717
848 2.1137809889623895 0.00469711197167635 0.014057285785675049
849 2.109644213982392 0.004641417726874352 0.014363162815570832
850 2.1034208629862405 0.004652795873582363 0.014683084785938263
851 2.0978072259458713 0.0046653120741248135 0.014578005969524384
852 2.100744784984272 0.00464814667403698 0.014764195084571838
853 2.0968467780039646 0.0046494796797633174 0.01443555772304535
854 2.105842531018425 0.0046538737565279 0.01441838413476944
855 2.1007977679837495 0.004643259376287461 0.01422837495803833
856 2.1020618590409867 0.004640699654817581 0.014164712727069855
857 2.1013256100122817 0.0046370671167969705 0.0141788649559021
858 2.107544530008454 0.004647527046501636 0.014348024129867553
859 2.107929074030835 0.004654609195888042 0.014332171082496643
860 2.1038543980102986 0.004646486051380634 0.014224025011062623
861 2.0999885460478254 0.00466529268026352 0.013985715508460998
862 2.09684934100369 0.004641517184674739 0.014351824522018433
863 2.098377939022612 0.004666457980871201 0.014899713099002837
864 2.0964516029926017 0.004637295097112656 0.01449872463941574
865 2.103578829963226 0.00464666610956192 0.014228745698928832
866 2.0977791429613717 0.0046549118757247925 0.014426727890968322
867 2.1036039069877006 0.004640643619000912 0.014470838010311127
868 2.1081085220212117 0.004671082064509392 0.014339251518249512
869 2.111571757006459 0.0046514224782586095 0.01423080414533615
870 2.104506659961771 0.004637791499495506 0.014092935025691986
871 2.101648348965682 0.004666533321142197 0.014120291769504547
872 2.1052108489675447 0.0046433771178126335 0.014393390417098998
873 2.1079678059904836 0.004629181079566479 0.014380250573158265
874 2.126870665990282 0.004626047216355801 0.014533443748950959
875 2.1091200319933705 0.004663234286010265 0.0143613800406456
876 2.1031393409939483 0.004678297273814678 0.014426347017288208
877 2.10355849401094 0.00462636449187994 0.014210455417633057
878 2.102913274022285 0.004637020602822304 0.014621002674102783
879 2.1026983450283296 0.004649498239159584 0.01407238632440567
880 2.109892614011187 0.004686303950846195 0.0142374387383461
881 2.1042660209932365 0.004630403749644756 0.014148113131523133
882 2.104068954999093 0.0046522775217890736 0.014176861345767976
883 2.105966643022839 0.004698153488337993 0.014477488398551942
884 2.1042941519990563 0.004625071994960308 0.014682185649871827
885 2.1085776159889065 0.004651461265981197 0.014346855878829955
886 2.1025791150168516 0.0046653875485062595 0.013971994519233704
887 2.1038290439755656 0.004635535657405853 0.014108074307441711
888 2.1052851830027066 0.004623804777860642 0.014048992991447448
889 2.1064272129442543 0.004637314692139625 0.014517419636249543
890 2.1127668790286407 0.004622732155025005 0.014145194590091704
891 2.1023370790062472 0.004632552728056908 0.014376125633716583
892 2.104573493998032 0.00462149953097105 0.014206915199756621
893 2.101735814008862 0.004652952998876572 0.014347884953022003
894 2.1038819900131784 0.004641628928482532 0.01403893530368805
895 2.102580259030219 0.004647360228002072 0.014522094130516052
896 2.10381886997493 0.004654718451201916 0.014600619375705719
897 2.0999135020538233 0.0046252130120992664 0.014185334146022797
898 2.109403495967854 0.004628131501376629 0.013974460065364838
899 2.100087172992062 0.004659477628767491 0.014101790189743042
900 2.10282064601779 0.004609651304781437 0.014363020956516266
901 2.0980474569951184 0.00460235308855772 0.014324153065681458
902 2.1025903039844707 0.00460333775728941 0.01431790977716446
903 2.105754399963189 0.004602445669472217 0.014379477500915528
904 2.1014896229607984 0.004605812512338161 0.014314824044704437
905 2.102262409985997 0.004593466512858867 0.014219007790088653
906 2.095641677035019 0.004598434515297413 0.014013653099536895
907 2.1023493299726397 0.004606747552752494 0.014331367909908294
908 2.1055759050068446 0.004614421837031841 0.014181814193725585
909 2.1025995400268584 0.004620384007692337 0.014571384787559509
910 2.1075150460237637 0.0046099875271320345 0.014250984191894531
911 2.1051312669878826 0.00462435120344162 0.01430714040994644
912 2.1107245829771273 0.004605466634035111 0.014417165219783782
913 2.1095798149472103 0.004600673124194145 0.014160471260547638
914 2.100370706990361 0.004605092123150825 0.01437195748090744
915 2.104345826955978 0.004612934999167919 0.014335921108722687
916 2.1014536329894327 0.0046020682528615 0.014526254832744598
917 2.1106676710187458 0.004603087529540062 0.014434378743171692
918 2.102388614031952 0.004623669072985649 0.014418027997016906
919 2.1036237300140783 0.0046060609295964245 0.014257833361625671
920 2.1115208670380525 0.0045982680469751356 0.014632032811641693
921 2.117596402997151 0.004596495136618614 0.014127776324748993
922 2.1117945190053433 0.0046038424968719485 0.014155802726745605
923 2.1036584870307706 0.004605063237249851 0.014215399920940399
924 2.1075072570238262 0.004590836934745312 0.014429751336574554
925 2.1064853980205953 0.004604123502969742 0.01424064040184021
926 2.100605487008579 0.0046000007018446925 0.01438826709985733
927 2.1040277970023453 0.004594650261104107 0.014463305473327637
928 2.1015089040156454 0.004597680851817131 0.014361651539802551
929 2.1083822780055925 0.00460470750182867 0.014179856777191161
930 2.1056081110145897 0.004607207462191581 0.014237451553344726
931 2.104231835983228 0.0046189605668187144 0.014528668224811555
932 2.115266744978726 0.004643969841301441 0.014517382681369782
933 2.108926640008576 0.00460296269506216 0.01449581891298294
934 2.104484695009887 0.004609087772667408 0.014408702850341798
935 2.1220424289931543 0.004633003957569599 0.013976841568946838
936 2.27280791598605 0.004604887291789055 0.014298113286495209
937 2.3620740509941243 0.004590723305940628 0.014145902693271636
938 2.4385038309847005 0.004598039254546165 0.014259283244609833
939 2.156688397983089 0.004596564903855324 0.014241920411586761
940 2.1095218879636377 0.004599481955170632 0.01455883026123047
941 2.2259341060416773 0.004590327814221382 0.014426709711551666
942 2.114176605013199 0.0046021447852253915 0.01429761826992035
943 2.101022265967913 0.0045979183241724965 0.014286970794200897
944 2.104454751999583 0.004604237973690033 0.014326002299785614
945 2.09904350299621 0.004606521010398865 0.014420153498649597
946 2.107829104003031 0.004663703382015228 0.014456132650375366
947 2.105850376014132 0.0045949058309197426 0.01470180183649063
948 2.104698580049444 0.004612295888364315 0.014533652961254119
949 2.1062031290493906 0.004601457335054874 0.014458197355270385
950 2.1020480950246565 0.004605844229459762 0.01433087795972824
951 2.1057788750040345 0.0046245488673448566 0.014545550346374512
952 2.1063418859848753 0.004603037066757679 0.01409058690071106
953 2.1030036389711313 0.0046122542545199395 0.014023898839950562
954 2.1069209970301017 0.004597929485142231 0.014220231473445892
955 2.105598473979626 0.004596666015684605 0.014201202392578126
956 2.105889156984631 0.0046019386947155 0.014422163963317872
957 2.100792654964607 0.004611434273421765 0.014438757598400116
958 2.103958079998847 0.00460129726678133 0.014344556629657746
959 2.1043131859623827 0.0045982466340065 0.013978025317192078
960 2.0965873369714245 0.004601426750421524 0.014306309819221496
961 2.0967456990038045 0.004618726313114167 0.014100359082221984
962 2.101859584043268 0.004598712027072907 0.014253540337085724
963 2.100736401975155 0.004596734568476677 0.014095037281513213
964 2.104030394984875 0.004603743843734264 0.014274672269821168
965 2.107120683998801 0.004589908875524997 0.014476858377456665
966 2.098807846021373 0.004592662297189236 0.013968284428119659
967 2.102606175991241 0.004609349355101586 0.014322112798690795
968 2.1026353709748946 0.004593056432902813 0.01428827852010727
969 2.1006560930400155 0.004602479510009289 0.01455880343914032
970 2.1073570330045186 0.004594309121370315 0.014346126914024353
971 2.0987669739988633 0.004589570485055447 0.014025876224040985
972 2.105343800969422 0.0045959547534585 0.014138407409191131
973 2.104280522034969 0.004601048715412617 0.014054920971393586
974 2.1039566920371726 0.00460377836227417 0.014482463896274566
975 2.1041398019879125 0.004597867429256439 0.014331861734390258
976 2.1087765190168284 0.004587997712194919 0.014316507875919341
977 2.114954430027865 0.004589065909385681 0.014141852259635926
978 2.0996830699732527 0.004607915706932544 0.014020450413227081
979 2.102623165003024 0.004606755800545216 0.014108838140964508
980 2.107787874992937 0.004589013651013375 0.014178916215896606
981 2.109660674002953 0.004586578287184238 0.014292615950107574
982 2.1060114189749584 0.0045909654647111895 0.01419954001903534
983 2.1020333329797722 0.004589810185134411 0.014229108393192292
984 2.0997304000193253 0.004592252977192402 0.01420022279024124
985 2.1079028650419787 0.0046011278927326205 0.01432626485824585
986 2.1039900860050693 0.004592131622135639 0.014041307866573333
987 2.1015837080194615 0.004587697364389897 0.014086793959140777
988 2.1063036939594895 0.00459254914522171 0.014304799735546112
989 2.1036068469984457 0.004589803174138069 0.014111958146095276
990 2.1009965690318495 0.004587883673608303 0.014539946913719176
991 2.1023936749552377 0.0046086966469883915 0.014339767694473267
992 2.1020010560168885 0.004591375701129437 0.014473644495010375
993 2.1045064029749483 0.004611280642449856 0.01460326224565506
994 2.1055774820270017 0.004590458147227764 0.014213507175445556
995 2.098758913052734 0.0045955457016825674 0.014405563771724701
996 2.1012720180442557 0.004599095232784748 0.014170846343040467
997 2.1009751620003954 0.004589249886572361 0.014398871660232545
998 2.0997811059933156 0.0045932699665427205 0.014258445501327514
999 2.102786982024554 0.004599019430577755 0.014534510672092438

Process finished with exit code 0
