1188353
0 3.88593869000033 0.16233736228942872 0.2819903135299683
1 3.7487381099999766 0.10232979309558868 0.22726784229278565
2 3.741229030001705 0.07338457691669464 0.1663639521598816
3 3.6667442770012713 0.05340643084049225 0.15010159730911254
4 3.7306655079992197 0.042765600502490994 0.15133974552154542
5 3.669977049001318 0.03614554011821747 0.15129140615463257
6 3.707023864997609 0.03159150165319443 0.13809250354766844
7 3.6698176649988454 0.027207519352436066 0.13041035175323487
8 3.70904688399969 0.024827568501234056 0.13323675394058226
9 3.6874493959985557 0.022925632268190384 0.15221895456314086
10 3.892452228003094 0.021649621248245238 0.13113869428634645
11 3.986214836000727 0.02110633260011673 0.14623099327087402
12 3.862329433999548 0.01927002590894699 0.12224339723587035
13 3.74961064099989 0.017871718287467957 0.11921954154968262
14 3.7087733350017515 0.017951195299625397 0.12419960498809815
15 3.670265690998349 0.016616606146097182 0.11799073696136475
16 3.6842842449987074 0.01622638863325119 0.12296061515808106
17 3.812051909000729 0.01683916085958481 0.13479230403900147
18 3.75127070599774 0.014791329056024552 0.12176124334335327
19 3.874148372997297 0.015345140278339386 0.12324245691299439
20 3.969787959002133 0.014075351491570473 0.13359126329421997
21 4.201243882002018 0.013383419767022132 0.13196992874145508
22 3.710355269999127 0.013630561172962189 0.12873281955718993
23 3.6708127000019886 0.01352437360584736 0.13419218301773073
24 3.709591440998338 0.012563027024269103 0.1287322735786438
25 3.9405049130000407 0.011917157724499703 0.12455577850341797
26 3.7188586779993784 0.012455031841993331 0.12486140489578247
27 3.7422428329991817 0.011578525885939599 0.12061054944992065
28 4.4061649149989535 0.01262537108361721 0.12394027233123779
29 4.970825123000395 0.01234489580988884 0.13767569065093993
30 3.814268781003193 0.012236080303788185 0.1196001935005188
31 3.7723857659984787 0.011946857526898384 0.12386128664016724
32 4.071558073999768 0.011609465017914771 0.13095205545425415
33 3.9924681369993777 0.011295174941420556 0.12342574596405029
34 3.849959448998561 0.011315605223178864 0.11954843282699584
35 3.901439637000294 0.010389000713825225 0.12517163753509522
36 3.9750196200002392 0.009847711235284806 0.12408673048019409
37 3.8837300689992844 0.010861720040440559 0.12024614572525025
38 3.777663118999044 0.010933333054184913 0.12293905973434448
39 4.214063524999801 0.009952284663915635 0.1238232159614563
40 4.4104437149981095 0.01010722081363201 0.12182734251022338
41 4.188070608000999 0.010003708347678185 0.12144023656845093
42 4.0422673229986685 0.009464645013213157 0.12234710216522217
43 3.7108617440026137 0.009909000515937806 0.12656089067459106
44 3.712768262001191 0.009994609698653222 0.12140136241912841
45 3.9714570399992226 0.009362490653991699 0.12347787141799926
46 3.801089229000354 0.009747295811772347 0.11579391002655029
47 3.978802474997792 0.010080556556582451 0.11863296508789062
48 3.6736549570014176 0.011178038418292999 0.11553122997283935
49 3.7519340090002515 0.0090618357360363 0.11690977096557617
50 3.740878470998723 0.008715118363499641 0.11409539937973022
51 3.7815977909995127 0.00891713698208332 0.1173331356048584
52 3.865254525000637 0.010696240931749344 0.11861363649368287
53 3.80939853900054 0.009175158098340035 0.11839941978454589
54 3.735736913000437 0.00857110321521759 0.1209333062171936
55 3.9628442550019827 0.008969732910394669 0.11440638542175292
56 3.7481436649977695 0.00942250718176365 0.12643598318099974
57 3.765951761000906 0.00971043898165226 0.11776639461517334
58 3.68751949199941 0.008843744978308678 0.1157888126373291
59 3.8976915899984306 0.009967579543590545 0.11669577121734619
60 3.923091281998495 0.008493793204426765 0.11457440614700318
61 3.890612046001479 0.00853707766532898 0.11661866903305054
62 4.013162441999157 0.008238489925861358 0.11411216974258423
63 3.8938047049996385 0.010473671481013297 0.12270908832550048
64 3.75133220600037 0.00903419056534767 0.1230658745765686
65 3.7282862000029127 0.010003831848502159 0.11077486038208008
66 3.6725561749990447 0.00849689356982708 0.11458709478378296
67 3.7223152849983308 0.008512930318713188 0.10915621042251587
68 3.7766830580003443 0.00877028599381447 0.11212900161743164
69 3.786203572002705 0.007751736223697662 0.11629418611526489
70 3.7536020879997523 0.007702251076698303 0.11211024522781372
71 3.6755195159967116 0.008354623928666115 0.11178521633148193
72 3.672599101999367 0.007997655287384987 0.1107544994354248
73 3.735964219999005 0.008193453758955001 0.1052494740486145
74 3.96208445999946 0.009316712155938149 0.10667895078659058
75 3.8790525479998905 0.010072659268975258 0.11137907981872558
76 3.816080520002288 0.008216003388166427 0.10578989505767822
77 3.748790186000406 0.008129664644598961 0.11093160629272461
78 3.673382375000074 0.007873660638928413 0.1083647894859314
79 3.7848501749977004 0.008194575756788254 0.1129414439201355
80 3.801189735000662 0.008522261887788773 0.10922144174575805
81 3.889160685001116 0.008200784265995026 0.11091485500335693
82 3.696571069998754 0.007325371742248535 0.10593746423721313
83 3.870496463001473 0.007567056253552437 0.10627554893493653
84 3.7735072080031387 0.008306831061840058 0.10273152709007263
85 3.7249393230013084 0.007745138734579086 0.11080308198928833
86 3.713514213999588 0.007293735876679421 0.10485036492347717
87 3.7436881190005806 0.007378571271896363 0.10652950048446655
88 3.7120496480019938 0.007143798291683197 0.10688748836517334
89 3.7750148080012877 0.007747962981462479 0.10413081169128419
90 4.407614450003166 0.007368511259555816 0.10345273137092591
91 3.9485273199970834 0.008584083929657937 0.10668821096420288
92 3.9453254849977384 0.008634192273020744 0.09657920598983764
93 4.165085466000164 0.008286257699131966 0.10869781017303466
94 3.815094142999442 0.007148355886340141 0.09894265651702881
95 4.036572004999471 0.0073120112121105195 0.10168782591819764
96 3.7172338849995867 0.0076974470540881156 0.10276774287223817
97 3.6967176020007173 0.008034742087125778 0.10180585622787476
98 3.707139661000838 0.008225618228316307 0.09972854733467101
99 3.7111311970002134 0.008211260586977005 0.10329604506492615
100 3.78899336899849 0.006361353620886803 0.0976638925075531
101 3.7081830999995873 0.006090181991457939 0.10067707657814026
102 3.801846188998752 0.005974513620138168 0.10047061443328857
103 3.785228267999628 0.005674792356789112 0.10096663236618042
104 3.7102494570026465 0.005586750403046608 0.10073785662651062
105 3.787080543999764 0.005547843784093857 0.10098960161209107
106 3.842929701000685 0.005646131902933121 0.10056914806365967
107 4.2902534829991055 0.005639824017882347 0.09857234954833985
108 3.9082099240004027 0.005831302352249623 0.1008504295349121
109 4.116628112999024 0.005585552185773849 0.10230832695960998
110 4.313574346000678 0.005960908852517605 0.09884180426597595
111 4.124695228998462 0.005930925481021404 0.10196826457977295
112 4.085076341001695 0.005696779057383537 0.10035637140274048
113 3.892288376002398 0.005514339923858642 0.10101765036582946
114 3.7790701689991693 0.005531994096934795 0.09898042559623718
115 3.9084516059992893 0.00542156507819891 0.0988701856136322
116 3.70545913100068 0.005411021299660206 0.10044621467590333
117 3.695823680001922 0.005510590948164463 0.09902219533920288
118 3.7166774889992666 0.00547087175399065 0.09982777237892151
119 3.8040760689982562 0.00546366523951292 0.09967631459236145
120 3.7765587359972415 0.0057346209362149235 0.09576662302017212
121 3.8647952520004765 0.005957720354199409 0.09813278317451476
122 3.7141802619989903 0.005678427137434483 0.09947534561157227
123 3.7181523219987866 0.005741137728095055 0.09950877547264099
124 3.8837792049998825 0.005447310134768486 0.09773918747901916
125 3.8474776269977156 0.005507919527590274 0.09801075458526612
126 4.018282029999682 0.00582674752920866 0.09720765948295593
127 4.1212093900030595 0.006076662391424179 0.09825239658355713
128 4.468539844998304 0.005639353230595588 0.09924718499183655
129 3.7201161270022567 0.005518999569118023 0.09744668245315552
130 4.341622306998033 0.0054566096067428585 0.09754128336906433
131 3.853673435001838 0.006577919878065586 0.09839925408363343
132 3.875505657000758 0.005938234061002731 0.0978605854511261
133 3.9665999110002303 0.005831774227321148 0.09975486993789673
134 3.704027951000171 0.005759858325123787 0.09816256403923035
135 3.9991295260006154 0.005387464597821236 0.09566390752792359
136 3.869181343998207 0.0054391946718096735 0.09621736407279968
137 3.89015288399969 0.005339399367570877 0.09632982969284058
138 3.7134672149986727 0.00539345370978117 0.09878822684288024
139 3.778993193998758 0.00578182964771986 0.09721685528755188
140 3.7218839390006906 0.005520741783082485 0.09905222535133362
141 3.7767184900003485 0.0056068204492330555 0.10011888027191163
142 3.771460477997607 0.005503097660839558 0.10078044772148133
143 3.7455099779981538 0.005882068894803524 0.09855098009109498
144 3.8370640199973423 0.005392918214201927 0.09731422901153565
145 4.498361509999086 0.005469724699854851 0.09519675850868226
146 4.750301882002532 0.0051849142909049985 0.09492342233657837
147 4.207795938997151 0.005446850292384625 0.09610629200935364
148 3.9642136879992904 0.005428602680563927 0.09689913868904114
149 3.8580380429993966 0.005247001357376576 0.09858469843864441
150 3.756329784002446 0.0054512985199689865 0.09399730801582336
151 3.8382603070022014 0.005853097394108772 0.09659919023513794
152 3.770355305998237 0.005496155627071857 0.09296559572219848
153 3.99423422000109 0.005721108861267567 0.09180649042129517
154 4.058745187998284 0.005579626850783825 0.09679639458656311
155 3.692921582998679 0.005766454122960568 0.09567038178443908
156 4.01119153000036 0.005997927159070968 0.09767221808433532
157 3.9672416979992704 0.006526107691228389 0.09200768113136291
158 4.4337450899984105 0.005501767374575138 0.09291060209274292
159 3.720619653002359 0.005428060948848725 0.09494222283363342
160 3.7517488980010967 0.005250686056911946 0.09566033124923706
161 3.9100788840005407 0.005449763357639313 0.09224089384078979
162 3.7574522200011415 0.005274744473397732 0.09505481481552124
163 3.7263410770028713 0.0050693854093551635 0.09708094120025634
164 4.446408560997952 0.0051300665214657785 0.09428734302520753
165 4.691046310999809 0.004987071268260479 0.09509296655654907
166 4.778047961000993 0.005369646355509758 0.0941886568069458
167 4.125481162998767 0.005572457954287529 0.0930605447292328
168 4.024335054000403 0.005179172173142433 0.0930571699142456
169 3.7072630309994565 0.005039007931947708 0.09190651297569274
170 4.000443005999841 0.005126297719776631 0.09094976544380189
171 3.8506029380005202 0.005150063753128052 0.09396194458007813
172 3.8847194320005656 0.00532789484411478 0.09383096814155578
173 3.7295426159980707 0.0053611166551709175 0.09029155015945435
174 3.6892380169992975 0.005598567299544811 0.09729732036590576
175 3.7762635159997444 0.005310785003006458 0.09187827825546264
176 3.782840245999978 0.005408908203244209 0.0907067322731018
177 3.9659685530023125 0.005035496808588505 0.09065624356269836
178 3.9596026859981066 0.006003630727529526 0.08841169476509095
179 3.8007418359993608 0.005702506326138973 0.09337855458259582
180 3.8226601900023525 0.005347766913473606 0.09151083827018738
181 4.038325298002746 0.005662405662238598 0.09307993292808532
182 3.7683077080000658 0.005120503403246403 0.08966643810272217
183 3.6721567469976435 0.0055566029846668245 0.09248934388160705
184 3.7098715660031303 0.005111880876123905 0.09361628651618957
185 3.684565518000454 0.005400144569575787 0.09625835180282592
186 3.8023770060026436 0.0055668183192610745 0.08855997920036315
187 3.7835948470019503 0.005287877187132835 0.09422663927078247
188 3.682421389999945 0.005502633348107338 0.09311290979385375
189 3.7236928319980507 0.005175484828650951 0.08973119735717773
190 3.7692836799978977 0.005089284002780915 0.09235352754592896
191 3.7323398329972406 0.004999165534973145 0.09162211894989014
192 3.7925182100007078 0.004869453892111778 0.09013102650642395
193 3.750378395001462 0.005000139109790325 0.0911185884475708
194 3.7229937789998075 0.005142702296376228 0.0923602032661438
195 3.7412034830013 0.005145221307873726 0.08962639570236205
196 3.7116151379996154 0.005092096425592899 0.09072979331016541
197 3.7853704059998563 0.005225537233054638 0.09224217534065246
198 3.6709105400004773 0.005725460931658745 0.09145887613296509
199 3.7739169279993803 0.0055808634981513025 0.08593217849731445
200 3.716041594998387 0.004574323803186417 0.08890234112739563
201 4.465689401000418 0.004419044509530067 0.08805975079536438
202 4.315644663001876 0.004318084634840488 0.08842373728752136
203 3.747706582998944 0.004288694500923157 0.08791435956954956
204 3.7075347770005465 0.0042936400398612025 0.08752184748649597
205 4.0206946219987 0.0043168641030788425 0.09027161359786988
206 4.156025216001581 0.004336966633796692 0.08839869141578674
207 4.235561068999232 0.004202169142663479 0.08855177521705627
208 4.167461157001526 0.00420706444978714 0.08837616086006164
209 4.298144280000997 0.004212764382362366 0.08783550500869751
210 4.787900356001046 0.0042184203565120695 0.08811294674873352
211 4.090083435999986 0.004206402450799942 0.08946664094924926
212 3.8245455360010965 0.004241291217505932 0.08864393472671508
213 3.842202987001656 0.0042531368881464 0.08699660062789917
214 4.086656449999282 0.004249356746673584 0.08693651556968689
215 4.634014377003041 0.004210046373307705 0.0856674575805664
216 4.473583999002585 0.004245641030371189 0.08780906796455383
217 4.165842575999704 0.004276236414909363 0.08761146545410156
218 4.017951219000679 0.0042244579493999485 0.08674449563026428
219 4.391925994998019 0.004216213673353195 0.08609204530715943
220 4.068138353002723 0.004389118798077106 0.08822997212409973
221 4.466867598002864 0.004212447591125965 0.08787603735923767
222 4.737494671000604 0.004296769849956036 0.08436628699302673
223 4.763328090997675 0.004414365731179714 0.08812886953353882
224 4.802940853998734 0.004285940758883953 0.08715270519256592
225 4.618266514000425 0.004206166073679924 0.08681023836135865
226 4.485870608001278 0.004165254488587379 0.08744404792785644
227 4.02566616400145 0.004276765875518322 0.08734174370765686
228 3.811542401999759 0.004235152371227741 0.08699210166931153
229 3.7442566989993793 0.0042143620178103445 0.08647286653518677
230 4.415285320999828 0.004295920684933663 0.08646945714950562
231 4.682296831997519 0.004373899534344673 0.08617782235145569
232 4.688299561999884 0.004262811131775379 0.08584324717521667
233 4.7451685890009685 0.0041506789699196816 0.08594088196754456
234 4.532449563001137 0.004253383100032806 0.08596027135848999
235 4.039757085000019 0.004156349286437035 0.08579078674316407
236 3.8422019929967064 0.004192572146654129 0.08521551728248596
237 3.812587602998974 0.00415150560438633 0.08486961364746094
238 3.8164847350017226 0.004167576752603054 0.08513221979141235
239 3.7686029959986627 0.004288698680698872 0.08511292219161987
240 3.808541766000417 0.004187031976878643 0.08632853388786316
241 3.7440910630029975 0.0044291700124740605 0.0872351312637329
242 3.823569301999669 0.004492724202573299 0.08435962557792663
243 3.778508157000033 0.004263269804418087 0.08618244767189026
244 3.718678239001747 0.004265889495611191 0.08566955447196961
245 3.7863934289998724 0.004163721673190594 0.08657397150993347
246 3.767081986999983 0.004220706574618816 0.08357577800750732
247 3.908191557999089 0.004292004257440567 0.08527553796768189
248 3.7603279120012303 0.004266017496585846 0.08447969198226929
249 3.7847313410020433 0.004231490671634674 0.08504522323608399
250 3.744391953001468 0.004254274412989616 0.08380102396011352
251 3.8265680730000895 0.004153736606240272 0.08580443501472473
252 3.89146552999955 0.004186762273311615 0.08414477348327637
253 3.771467020000273 0.004168243341147899 0.08559187769889831
254 3.706718631001422 0.0041634213849902155 0.08409422755241394
255 3.7873308140005975 0.0041621062830090524 0.08450444221496582
256 3.7955887409989373 0.004167215131223202 0.08341028928756714
257 3.780166005002684 0.004722227908670902 0.08548773050308228
258 3.73955313499755 0.0042445301339030265 0.08396848320960998
259 3.709336990999873 0.004087586931884289 0.08461374044418335
260 3.801007546000619 0.0041172196939587595 0.0841670835018158
261 3.7910227389984357 0.0041742661446332935 0.0863071095943451
262 3.848989280999376 0.0041273200884461405 0.08495602846145629
263 3.7399269150009786 0.004084970541298389 0.0821732497215271
264 3.9488853229995584 0.004124904863536358 0.08348302841186524
265 4.0166068479993555 0.004243921406567096 0.08446334600448609
266 3.957191199002409 0.00430140221863985 0.08370242834091186
267 3.7428276690006896 0.004074228502810001 0.08471422791481018
268 3.8672240920022887 0.004152048848569393 0.08393605470657349
269 4.091897977999906 0.004250048466026783 0.08406546950340271
270 3.999034677999589 0.004239827029407024 0.0846699345111847
271 4.019346208999195 0.004252647705376148 0.08520647764205933
272 3.792143616999965 0.004302639722824097 0.08460789322853088
273 4.0761925040023925 0.0041046499088406565 0.08187056303024293
274 3.767611620001844 0.004209915488958359 0.08134724140167236
275 3.7653701749986794 0.004688631020486355 0.08332429528236389
276 3.9482753000011144 0.004369713224470616 0.08397496581077575
277 3.747753879000811 0.004115835346281529 0.08500972270965576
278 3.670276496999577 0.004070147037506104 0.08394491314888
279 3.705009629000415 0.004017526663839817 0.08394758105278015
280 3.8161381919999258 0.004006060987710953 0.0843042016029358
281 3.8967197950005357 0.004091157302260399 0.08273638606071472
282 4.154136674998881 0.0039717135652899745 0.08346153378486633
283 3.8947257790023286 0.003953792199492455 0.08335043907165528
284 3.726268356997025 0.004216795697808266 0.08217507123947143
285 4.259316625997599 0.0040982672348618505 0.08390895009040833
286 4.37483909599905 0.0040286902710795405 0.08246375799179077
287 4.655094262001512 0.004119555778801441 0.08282816529273987
288 3.9100100149989885 0.004143876142799854 0.0841061007976532
289 4.213276939000934 0.004046217903494835 0.08326608538627625
290 4.016522136000276 0.003976723313331604 0.08298019170761109
291 3.9995529480002006 0.003912538982927799 0.0832880163192749
292 3.9559423749997222 0.004034008517861366 0.0828123426437378
293 4.041099522000877 0.004187098264694214 0.08396677136421203
294 4.483565566999459 0.004277187772095204 0.08414568066596985
295 3.719467799000995 0.004052139014005661 0.08312941551208496
296 3.8946937519976927 0.003945936091244221 0.08396212697029114
297 4.255051672000263 0.004002886116504669 0.08286566853523254
298 3.8874213359995338 0.00424592898786068 0.0828491723537445
299 4.670181041998148 0.004207394294440747 0.08280535340309143
300 4.008606088002125 0.0038430231288075446 0.08304328918457031
301 4.54447352599891 0.0037114306092262267 0.08335594534873962
302 4.452029053998558 0.0037107777670025827 0.08195420861244201
303 4.5614533980005945 0.003699894681572914 0.08208289623260498
304 4.58419115200013 0.003673801779747009 0.08260799169540406
305 4.028154030998849 0.0036565804481506346 0.08268791556358338
306 5.205805925997993 0.0036753766238689423 0.08266238212585449
307 4.489463541998703 0.0036461740359663964 0.08246070265769959
308 4.105047167999146 0.0036439689844846726 0.08234725832939148
309 3.9441762950009434 0.003659735411405563 0.08242395162582397
310 4.1388747970013355 0.0036683100014925003 0.08213857531547547
311 4.856772250997892 0.003652526743710041 0.08310829758644105
312 4.1731931879985495 0.003663657143712044 0.08243016719818115
313 4.100101806998282 0.003658847279846668 0.08251118779182434
314 3.8875693829977536 0.003647204838693142 0.08254578948020935
315 4.262052742000378 0.0036434841081500052 0.08163958311080932
316 4.251402481997502 0.003687375083565712 0.08272095203399658
317 3.905404566998186 0.0036482612341642378 0.08262976884841919
318 3.766420345997176 0.0036536535993218423 0.08342559218406677
319 3.9621251600001415 0.0036615611761808397 0.08235937595367432
320 5.285133118999511 0.003655589208006859 0.08200435042381286
321 4.9286994360008975 0.0037050432562828065 0.081349778175354
322 4.946775855001761 0.003683660686016083 0.08233381748199463
323 4.83930340599909 0.0036628039330244065 0.08245286703109742
324 4.762267671001609 0.0036783861145377158 0.0819872522354126
325 5.0186994840005354 0.003680360205471516 0.08229907274246216
326 4.65102271700016 0.0036540449410676955 0.08187837600708008
327 3.8588867890030087 0.003613308019936085 0.08186140775680542
328 3.9031045390001964 0.0036528649628162382 0.08208023309707642
329 4.517665507999482 0.003666958011686802 0.08221557974815369
330 5.7491737229975115 0.0036539833284914493 0.08170814752578735
331 6.392157958998723 0.0036384268030524255 0.08163094639778137
332 6.4097873110004 0.003614926926791668 0.08193463563919068
333 6.394973701997515 0.003619883634150028 0.08183082461357116
334 4.778605099996639 0.003623483598232269 0.08212007284164428
335 4.7573564579979575 0.003672098033130169 0.0819836938381195
336 5.260997634002706 0.0036481361389160156 0.08166001200675964
337 3.900846590000583 0.003708976000547409 0.08182288646697998
338 3.802104455000517 0.003671310015022755 0.08295716285705566
339 3.989422482001828 0.0037215901985764503 0.0815612268447876
340 3.9024650389983435 0.003707053042948246 0.0819591772556305
341 3.787539568998909 0.0036709827855229376 0.08176207542419434
342 3.7549486739990243 0.0036757654398679733 0.08158230066299438
343 4.293062545999419 0.003661258049309254 0.08286335587501525
344 4.0484274979971815 0.0036290213838219643 0.08234784007072449
345 3.969503906999307 0.0036471992433071134 0.08247498631477355
346 3.9673720610007877 0.0036429074108600616 0.08206543803215027
347 4.0223707479999575 0.0036202350184321402 0.08253541469573974
348 3.8084490559995174 0.0037067818343639375 0.08204786419868469
349 3.8325876189992414 0.003692265547811985 0.0817332124710083
350 4.387328690998402 0.0036229832842946054 0.08192144393920898
351 4.16950985999938 0.0036865773275494575 0.0813544237613678
352 4.030528205999872 0.0036835315600037576 0.08155006170272827
353 4.036780464000913 0.003661728523671627 0.08042423248291015
354 4.069188811001368 0.0036615525111556055 0.08112094521522523
355 4.583124961998692 0.003593246638774872 0.08169798374176025
356 5.260513216999243 0.003609085954725742 0.0815703046321869
357 7.966085834999831 0.0036047023385763167 0.08169275522232056
358 8.394523110000591 0.0037040588706731795 0.0819572401046753
359 5.5174030079979275 0.003677365802228451 0.08232848525047302
360 3.8547245000008843 0.003608848761767149 0.08161230683326721
361 3.873463799998717 0.003594217084348202 0.08141334056854248
362 3.9377896749974752 0.003596926435828209 0.08133913397789001
363 3.9766339880006853 0.0035916569381952285 0.08146919965744019
364 3.9993963750021067 0.0036836118474602698 0.0815921676158905
365 3.728786815001513 0.003605503886938095 0.08208937883377075
366 4.4606295919984404 0.0035811801478266717 0.0816307282447815
367 4.283649085999059 0.0035688073486089705 0.08152993083000183
368 4.147917427999346 0.003573487929999828 0.0806318998336792
369 4.045136024000385 0.003617587551474571 0.08172815442085266
370 4.313311545000033 0.0035518001466989515 0.08115051984786988
371 4.63718397699995 0.0035691022835671903 0.08114020824432373
372 4.711831378997886 0.003557809390127659 0.08212764024734497
373 4.272954705000302 0.0035686519369482993 0.08116132736206055
374 4.341111058998649 0.0036793927997350695 0.08149463295936585
375 4.877155447000405 0.003624315910041332 0.08065139293670655
376 4.259300169997005 0.0036321323588490487 0.0813195025920868
377 3.992041389003134 0.003572656363248825 0.08109307885169983
378 3.8531236899980286 0.0036676850467920303 0.08166331052780151
379 3.8921207019993744 0.0035985181406140328 0.08195270538330078
380 3.813369434003107 0.003544107787311077 0.08092848420143127
381 3.726600577996578 0.003578010767698288 0.080968177318573
382 3.8542157929987297 0.003565801031887531 0.08183950781822205
383 4.052513249000185 0.0035975621715188025 0.0820503842830658
384 3.946338322999509 0.00362343293428421 0.0809583878517151
385 3.758809314997052 0.00358060709387064 0.08112294554710388
386 3.8437923090023105 0.0036296348795294762 0.08092699408531188
387 3.896023355999205 0.0036236041262745857 0.0815784728527069
388 3.8439396510002553 0.0036301909163594247 0.08100554347038269
389 3.938038948999747 0.0035752463042736052 0.0821796989440918
390 4.486471331001667 0.0036040413081645964 0.08133772015571594
391 4.288312295997457 0.00358952471613884 0.08177240252494812
392 3.9391096150029625 0.0035927196517586708 0.08194013833999633
393 4.861895510002796 0.003569842766970396 0.08169616341590881
394 4.524359001003177 0.003555963099002838 0.08164616703987121
395 4.113895954997133 0.0035618436932563784 0.08178728699684143
396 4.048513456000364 0.0035167383290827274 0.08151378393173218
397 4.3180089210000006 0.003500541742891073 0.0815316104888916
398 4.518574754001747 0.0035173482447862624 0.08165323019027709
399 3.952963686999283 0.003580727964639664 0.0824332594871521
400 4.293620355998428 0.003443266190588474 0.08104050517082215
401 4.243850800001383 0.0034077101051807404 0.0814678966999054
402 4.1053306050016545 0.0034015504643321037 0.08116987347602844
403 3.8869686860016373 0.0034024902284145353 0.08151527404785157
404 3.9449624570006563 0.003394684374332428 0.08131691455841064
405 4.0057582250010455 0.0033937266580760478 0.08165037870407105
406 3.9190699770006177 0.003387802269309759 0.08153863191604614
407 3.754322296997998 0.003388948276638985 0.08157986044883728
408 3.7135685100001865 0.0033852411657571795 0.08166547775268555
409 3.805567016999703 0.0033888892196118833 0.08145350694656373
410 3.7474598230000993 0.003387752491980791 0.08150034070014954
411 3.802731298001163 0.003385003760457039 0.08178038120269776
412 3.8247431210002105 0.0033844190537929537 0.08155910491943359
413 3.7697066750006343 0.0033854445442557334 0.08195236325263977
414 3.7882502100001147 0.0033927968665957453 0.08179774403572082
415 3.917068028000358 0.003407160632312298 0.08138375401496888
416 4.115697705998173 0.0033903854377567767 0.08153179526329041
417 4.010750827997981 0.00341080292314291 0.08140958428382873
418 4.090603023996664 0.0033913546092808246 0.08159077405929566
419 3.9327220999985 0.0034080656096339224 0.08162320017814637
420 4.040311546999874 0.0034082337096333504 0.08174582958221435
421 3.7930907269983436 0.003390033219009638 0.08190919995307923
422 3.786668885000836 0.003385018981993198 0.08138764142990113
423 3.738455872000486 0.003409403335303068 0.08118088245391845
424 3.7903837810008554 0.0034173289351165296 0.08212761759757996
425 3.797074734000489 0.003413391515612602 0.08164043426513672
426 3.8959944769994763 0.0034053260870277884 0.08169971823692322
427 4.113774116001878 0.0033979938924312593 0.08202845692634582
428 3.9265393249988847 0.003376294944435358 0.08190033435821534
429 4.031490782999754 0.003376841951161623 0.08173533439636231
430 4.007874184000684 0.003385162651538849 0.0816733968257904
431 3.840417980998609 0.0033963394798338415 0.08168293952941895
432 3.753854060003505 0.003397864192724228 0.08160567045211792
433 3.800141429001087 0.003380009364336729 0.08099411129951477
434 3.677868834001856 0.003404219504445791 0.0819918692111969
435 3.7297730339996633 0.0033944881223142145 0.08166762828826904
436 3.8540255580010125 0.003384322863072157 0.0815547502040863
437 3.7935582370009797 0.0033828876949846746 0.08165815234184265
438 3.7146889450013987 0.0033748767897486685 0.08228873372077943
439 3.800163251999038 0.0033818581625819208 0.08171702861785889
440 3.701388327001041 0.0033712909184396267 0.08178064107894897
441 3.7624683549984184 0.0033705645389854907 0.08164574503898621
442 3.6763157519999368 0.003369143091142178 0.08177979588508606
443 3.776063802000863 0.003376853834837675 0.08199788093566894
444 4.361009805001231 0.003367286041378975 0.08148549556732178
445 4.907576350000454 0.0033552032597362995 0.08205130100250244
446 4.415609126997879 0.003390077568590641 0.08160617709159851
447 4.199012938002852 0.003376152992248535 0.0819449234008789
448 4.627887912000006 0.0033679758571088314 0.0818244183063507
449 4.814952394001011 0.003372071843594313 0.08153069019317627
450 4.56218477800212 0.003358270324766636 0.08160889863967896
451 4.346878271000605 0.0033586656004190446 0.0821385371685028
452 3.837369844000932 0.0033773879148066045 0.08228027582168579
453 3.8684970239992253 0.0033624428398907184 0.08191787481307983
454 4.282977795999614 0.0033463272117078306 0.0817167317867279
455 4.478761223999754 0.003352031089365482 0.08168613195419311
456 3.7756377429977874 0.003351396895945072 0.08210154056549072
457 3.9712846019974677 0.003348870702087879 0.08192215800285339
458 4.415364339001826 0.003358111508190632 0.08191346645355224
459 4.272475022000435 0.0033849042244255543 0.08112248301506042
460 4.204862831000355 0.00337569734454155 0.0824116587638855
461 5.992252860000008 0.0033745228983461857 0.08207913756370544
462 6.68487897399973 0.003362843044102192 0.08206626892089844
463 6.933748464998644 0.003357898809015751 0.08186763286590576
464 6.472098899001139 0.0033854382336139677 0.08220377087593078
465 4.387526731999969 0.003424563802778721 0.08137558221817016
466 4.791263929000706 0.0034074202328920364 0.08207661509513856
467 3.936212250999233 0.003364993665367365 0.08227258443832397
468 3.9539384269992297 0.00333713236451149 0.08189727663993836
469 3.7194217540018144 0.003335048895329237 0.08232609748840332
470 3.7929217540004174 0.003355046913027763 0.08191444873809814
471 3.6763408159968094 0.0033372837789356707 0.08201196074485778
472 3.70905175200096 0.0033391705453395845 0.08241630554199218
473 3.839429850999295 0.0033614532202482224 0.08187473416328431
474 3.8817453990013746 0.0033618492260575296 0.08195924282073974
475 3.9753798460005783 0.0033391078561544416 0.08190467953681946
476 3.767212915001437 0.003334509290754795 0.08186010360717773
477 3.8535640369991597 0.003357298348098993 0.08206258177757263
478 3.9640141050003876 0.003335672128945589 0.08177963376045227
479 4.027516295998794 0.003326416917145252 0.08181187510490417
480 3.8136039769997296 0.0033277030400931835 0.08213448882102967
481 3.829589142002078 0.0033545161597430704 0.08240016222000122
482 3.7115525549997983 0.003340279396623373 0.08200109720230103
483 3.899825159001921 0.003351232163608074 0.08172712564468383
484 3.92348489899814 0.0033535597398877143 0.08265523076057434
485 4.163636463999865 0.003330851249396801 0.08184529423713684
486 4.052850158997899 0.0033288231045007707 0.0819991934299469
487 3.724412220999511 0.0033287258371710775 0.08209135770797729
488 3.7862230200007616 0.0033203211352229116 0.08239416360855102
489 4.022614607998548 0.003325164634734392 0.08231316208839416
490 4.4685061589989346 0.0033188506811857223 0.08220544815063477
491 3.829043030000321 0.003343447647988796 0.08211652517318725
492 3.8220851000005496 0.0033357454240322115 0.08197006702423096
493 3.780473274000542 0.0033359728865325453 0.08239589929580689
494 3.7660423899978923 0.0033297652676701544 0.0820867145061493
495 3.921256888002972 0.003326617106795311 0.08260842204093934
496 4.293341559001419 0.003317209359258413 0.08259570837020874
497 4.009055790000275 0.003309426251798868 0.08218408584594726
498 4.001031522999256 0.0033130542300641537 0.08242379665374756
499 4.004275100996892 0.0033100544586777687 0.08244413614273072

Process finished with exit code 0
